2024-12-12 13:46:19 -  - exec CUpdateClientPartner::__CollectRequestData
2024-12-12 13:46:19 -  - exec CUpdateClientPartner::GetHTTPPage
2024-12-12 13:46:19 -  - exec CUpdateClientPartner::ParseServerData
2024-12-12 13:46:19 -  - exec CUpdateClientPartner::GetUpdatesList
2024-12-12 13:46:19 -  - exec CUpdateClientPartner::__CollectRequestData
2024-12-12 13:46:19 -  - utf=Y&lang=ru&stable=Y&CANGZIP=Y&SUPD_DBS=MYSQL&XE=N&CLIENT_SITE=uc.tatem.ru&LICENSE_KEY=X&SUPD_STS=1&SUPD_URS=0&TYPENC=D&CLIENT_PHPVER=8.1.27&NGINX=Y&dbv=8.0.36&instm=main%2C24.0.796%2CY%3Bb24connector%2C24.0.0%2CN%3Bbitrix.sitecorporate%2C24.0.0%2CN%3Bbitrixcloud%2C24.0.0%2CN%3Bclouds%2C24.100.0%2CN%3Bfileman%2C24.100.0%2CN%3Bhighloadblock%2C24.0.201%2CN%3Biblock%2C24.0.200%2CN%3Blanding%2C24.400.300%2CN%3Blocation%2C24.100.0%2CN%3Bmessageservice%2C24.500.0%2CN%3Bperfmon%2C24.0.0%2CN%3Brest%2C24.500.0%2CN%3Bsearch%2C24.0.0%2CN%3Bsecurity%2C24.0.0%2CN%3Bseo%2C24.300.0%2CN%3Bsocialservices%2C24.0.200%2CN%3Btranslate%2C24.0.0%2CN%3Bui%2C24.300.0%2CN&reqm=bitrix.sitecorporate&fullmoduleinfo=Y&SUPD_SRS=RU&SUPD_CMP=N
2024-12-12 13:46:19 -  - exec CUpdateClientPartner::GetHTTPPage
2024-12-12 13:46:20 -  - TIME GetUpdatesList(request) 0.072 sec
2024-12-12 13:46:20 -  - exec CUpdateClientPartner::ParseServerData
2024-12-12 13:46:20 -  - exec CUpdateClientPartner::__CollectRequestData
2024-12-12 13:46:20 -  - exec CUpdateClientPartner::GetHTTPPage
2024-12-12 13:46:20 -  - exec CUpdateClientPartner::ParseServerData
2024-12-12 13:58:57 -  - exec CUpdateClientPartner::GetUpdatesList
2024-12-12 13:58:57 -  - exec CUpdateClientPartner::__CollectRequestData
2024-12-12 13:58:57 -  - utf=Y&lang=ru&stable=Y&CANGZIP=Y&SUPD_DBS=MYSQL&XE=N&CLIENT_SITE=uc.tatem.ru&LICENSE_KEY=X&SUPD_STS=1&SUPD_URS=0&TYPENC=E&CLIENT_PHPVER=8.1.27&NGINX=Y&dbv=8.0.36&instm=main%2C24.200.200%2CN%3Bb24connector%2C24.0.0%2CN%3Bbitrix.sitecorporate%2C24.0.0%2CN%3Bbitrixcloud%2C24.100.0%2CN%3Bclouds%2C24.400.0%2CN%3Bfileman%2C24.300.0%2CN%3Bhighloadblock%2C24.0.201%2CN%3Biblock%2C24.100.200%2CN%3Blanding%2C24.600.0%2CN%3Blocation%2C24.200.0%2CN%3Bmessageservice%2C24.700.0%2CN%3Bperfmon%2C24.100.0%2CN%3Brest%2C24.550.100%2CN%3Bsearch%2C24.0.0%2CN%3Bsecurity%2C24.0.100%2CN%3Bseo%2C24.400.0%2CN%3Bsocialservices%2C24.0.200%2CN%3Btranslate%2C24.100.0%2CN%3Bui%2C24.800.0%2CN&reqm=bitrix.sitecorporate&fullmoduleinfo=Y&SUPD_SRS=RU&SUPD_CMP=N
2024-12-12 13:58:57 -  - exec CUpdateClientPartner::GetHTTPPage
2024-12-12 13:58:57 -  - TIME GetUpdatesList(request) 0.163 sec
2024-12-12 13:58:57 -  - exec CUpdateClientPartner::ParseServerData
2024-12-12 13:59:01 -  - exec CUpdateClientPartner::GetUpdatesList
2024-12-12 13:59:01 -  - exec CUpdateClientPartner::__CollectRequestData
2024-12-12 13:59:01 -  - utf=Y&lang=ru&stable=Y&CANGZIP=Y&SUPD_DBS=MYSQL&XE=N&CLIENT_SITE=uc.tatem.ru&LICENSE_KEY=X&SUPD_STS=1&SUPD_URS=0&TYPENC=E&CLIENT_PHPVER=8.1.27&NGINX=Y&dbv=8.0.36&instm=main%2C24.200.200%2CN%3Bb24connector%2C24.0.0%2CN%3Bbitrix.sitecorporate%2C24.0.0%2CN%3Bbitrixcloud%2C24.100.0%2CN%3Bclouds%2C24.400.0%2CN%3Bfileman%2C24.300.0%2CN%3Bhighloadblock%2C24.0.201%2CN%3Biblock%2C24.100.200%2CN%3Blanding%2C24.600.0%2CN%3Blocation%2C24.200.0%2CN%3Bmessageservice%2C24.700.0%2CN%3Bperfmon%2C24.100.0%2CN%3Brest%2C24.550.100%2CN%3Bsearch%2C24.0.0%2CN%3Bsecurity%2C24.0.100%2CN%3Bseo%2C24.400.0%2CN%3Bsocialservices%2C24.0.200%2CN%3Btranslate%2C24.100.0%2CN%3Bui%2C24.800.0%2CN&reqm=bitrix.sitecorporate&SUPD_SRS=RU&SUPD_CMP=N
2024-12-12 13:59:01 -  - exec CUpdateClientPartner::GetHTTPPage
2024-12-12 13:59:01 -  - TIME GetUpdatesList(request) 0.218 sec
2024-12-12 13:59:01 -  - exec CUpdateClientPartner::ParseServerData
2024-12-12 13:59:05 -  - exec CUpdateClientPartner::LoadModulesUpdates
2024-12-12 13:59:05 -  - exec CUpdateClientPartner::__CollectRequestData
2024-12-12 13:59:05 -  - utf=Y&lang=ru&stable=Y&CANGZIP=Y&SUPD_DBS=MYSQL&XE=N&CLIENT_SITE=uc.tatem.ru&LICENSE_KEY=X&SUPD_STS=1&SUPD_URS=0&TYPENC=E&CLIENT_PHPVER=8.1.27&NGINX=Y&dbv=8.0.36&instm=main%2C24.200.200%2CN%3Bb24connector%2C24.0.0%2CN%3Bbitrix.sitecorporate%2C24.0.0%2CN%3Bbitrixcloud%2C24.100.0%2CN%3Bclouds%2C24.400.0%2CN%3Bfileman%2C24.300.0%2CN%3Bhighloadblock%2C24.0.201%2CN%3Biblock%2C24.100.200%2CN%3Blanding%2C24.600.0%2CN%3Blocation%2C24.200.0%2CN%3Bmessageservice%2C24.700.0%2CN%3Bperfmon%2C24.100.0%2CN%3Brest%2C24.550.100%2CN%3Bsearch%2C24.0.0%2CN%3Bsecurity%2C24.0.100%2CN%3Bseo%2C24.400.0%2CN%3Bsocialservices%2C24.0.200%2CN%3Btranslate%2C24.100.0%2CN%3Bui%2C24.800.0%2CN&reqm=simai.educenter&lim=Y&SUPD_SRS=RU&SUPD_CMP=N
2024-12-12 13:59:05 -  - exec CUpdateClientPartner::GetHTTPPage
2024-12-12 13:59:05 -  - TIME LoadModulesUpdates(request) 0.176 sec
2024-12-12 13:59:05 -  - exec CUpdateClientPartner::ParseServerData
2024-12-12 13:59:05 - S - STEP
2024-12-12 13:59:05 - LMU01 - LoadModulesUpdates-Step
2024-12-12 13:59:06 -  - exec CUpdateClientPartner::LoadModulesUpdates
2024-12-12 13:59:06 -  - exec CUpdateClientPartner::ParseServerData
2024-12-12 13:59:06 -  - loadFile
2024-12-12 13:59:17 - U - RETURN
2024-12-12 13:59:17 -  - exec CUpdateClientPartner::UnGzipArchive
2024-12-12 13:59:21 -  - TIME UnGzipArchive 4.276 sec
2024-12-12 13:59:35 -  - TIME UpdateStepModules 9.269 sec
2024-12-12 13:59:36 - UPD_SUCCESS - Updated: simai.educenter
2024-12-12 13:59:36 -  - exec CUpdateClientPartner::LoadModulesUpdates
2024-12-12 13:59:36 -  - exec CUpdateClientPartner::__CollectRequestData
2024-12-12 13:59:36 -  - utf=Y&lang=ru&stable=Y&CANGZIP=Y&SUPD_DBS=MYSQL&XE=N&CLIENT_SITE=uc.tatem.ru&LICENSE_KEY=X&SUPD_STS=1&SUPD_URS=0&TYPENC=E&CLIENT_PHPVER=8.1.27&NGINX=Y&dbv=8.0.36&instm=main%2C24.200.200%2CN%3Bb24connector%2C24.0.0%2CN%3Bbitrix.sitecorporate%2C24.0.0%2CN%3Bbitrixcloud%2C24.100.0%2CN%3Bclouds%2C24.400.0%2CN%3Bfileman%2C24.300.0%2CN%3Bhighloadblock%2C24.0.201%2CN%3Biblock%2C24.100.200%2CN%3Blanding%2C24.600.0%2CN%3Blocation%2C24.200.0%2CN%3Bmessageservice%2C24.700.0%2CN%3Bperfmon%2C24.100.0%2CN%3Brest%2C24.550.100%2CN%3Bsearch%2C24.0.0%2CN%3Bsecurity%2C24.0.100%2CN%3Bseo%2C24.400.0%2CN%3Bsocialservices%2C24.0.200%2CN%3Btranslate%2C24.100.0%2CN%3Bui%2C24.800.0%2CN%3Bsimai.educenter%2C1.3.0%2CN&reqm=simai.educenter&lim=Y&SUPD_SRS=RU&SUPD_CMP=N
2024-12-12 13:59:36 -  - exec CUpdateClientPartner::GetHTTPPage
2024-12-12 13:59:36 -  - TIME LoadModulesUpdates(request) 0.151 sec
2024-12-12 13:59:36 -  - exec CUpdateClientPartner::ParseServerData
2024-12-12 13:59:36 - S - STEP
2024-12-12 13:59:36 - LMU01 - LoadModulesUpdates-Step
2024-12-12 13:59:36 -  - exec CUpdateClientPartner::LoadModulesUpdates
2024-12-12 13:59:36 -  - exec CUpdateClientPartner::ParseServerData
2024-12-12 13:59:36 -  - loadFile
2024-12-12 13:59:36 - U - RETURN
2024-12-12 13:59:36 -  - exec CUpdateClientPartner::UnGzipArchive
2024-12-12 13:59:36 -  - TIME UnGzipArchive 0.004 sec
2024-12-12 13:59:36 -  - TIME UpdateStepModules 0.007 sec
2024-12-12 13:59:36 - UPD_SUCCESS - Updated: simai.educenter (1.3.1)<br>Совместимость с php 8 
2024-12-12 13:59:36 -  - exec CUpdateClientPartner::LoadModulesUpdates
2024-12-12 13:59:36 -  - exec CUpdateClientPartner::__CollectRequestData
2024-12-12 13:59:36 -  - utf=Y&lang=ru&stable=Y&CANGZIP=Y&SUPD_DBS=MYSQL&XE=N&CLIENT_SITE=uc.tatem.ru&LICENSE_KEY=X&SUPD_STS=1&SUPD_URS=0&TYPENC=E&CLIENT_PHPVER=8.1.27&NGINX=Y&dbv=8.0.36&instm=main%2C24.200.200%2CN%3Bb24connector%2C24.0.0%2CN%3Bbitrix.sitecorporate%2C24.0.0%2CN%3Bbitrixcloud%2C24.100.0%2CN%3Bclouds%2C24.400.0%2CN%3Bfileman%2C24.300.0%2CN%3Bhighloadblock%2C24.0.201%2CN%3Biblock%2C24.100.200%2CN%3Blanding%2C24.600.0%2CN%3Blocation%2C24.200.0%2CN%3Bmessageservice%2C24.700.0%2CN%3Bperfmon%2C24.100.0%2CN%3Brest%2C24.550.100%2CN%3Bsearch%2C24.0.0%2CN%3Bsecurity%2C24.0.100%2CN%3Bseo%2C24.400.0%2CN%3Bsocialservices%2C24.0.200%2CN%3Btranslate%2C24.100.0%2CN%3Bui%2C24.800.0%2CN%3Bsimai.educenter%2C1.3.1%2CN&reqm=simai.educenter&lim=Y&SUPD_SRS=RU&SUPD_CMP=N
2024-12-12 13:59:36 -  - exec CUpdateClientPartner::GetHTTPPage
2024-12-12 13:59:36 -  - TIME LoadModulesUpdates(request) 0.159 sec
2024-12-12 13:59:36 -  - exec CUpdateClientPartner::ParseServerData
2024-12-12 13:59:36 - S - STEP
2024-12-12 13:59:36 - LMU01 - LoadModulesUpdates-Step
2024-12-12 13:59:36 -  - exec CUpdateClientPartner::LoadModulesUpdates
2024-12-12 13:59:36 -  - exec CUpdateClientPartner::ParseServerData
2024-12-12 13:59:36 -  - loadFile
2024-12-12 13:59:36 - U - RETURN
2024-12-12 13:59:36 -  - exec CUpdateClientPartner::UnGzipArchive
2024-12-12 13:59:36 -  - TIME UnGzipArchive 0.006 sec
2024-12-12 13:59:36 - CSURUS1 - Run updater '/bitrix/updates/update_m1734001176/simai.educenter/updater1.3.2.php'
2024-12-12 13:59:36 -  - TIME UpdateStepModules 0.022 sec
2024-12-12 13:59:36 - UPD_SUCCESS - Updated: simai.educenter (1.3.2)<br>Обновление для поддержки php 8
2024-12-12 13:59:37 -  - exec CUpdateClientPartner::LoadModulesUpdates
2024-12-12 13:59:37 -  - exec CUpdateClientPartner::__CollectRequestData
2024-12-12 13:59:37 -  - utf=Y&lang=ru&stable=Y&CANGZIP=Y&SUPD_DBS=MYSQL&XE=N&CLIENT_SITE=uc.tatem.ru&LICENSE_KEY=X&SUPD_STS=1&SUPD_URS=0&TYPENC=E&CLIENT_PHPVER=8.1.27&NGINX=Y&dbv=8.0.36&instm=main%2C24.200.200%2CN%3Bb24connector%2C24.0.0%2CN%3Bbitrix.sitecorporate%2C24.0.0%2CN%3Bbitrixcloud%2C24.100.0%2CN%3Bclouds%2C24.400.0%2CN%3Bfileman%2C24.300.0%2CN%3Bhighloadblock%2C24.0.201%2CN%3Biblock%2C24.100.200%2CN%3Blanding%2C24.600.0%2CN%3Blocation%2C24.200.0%2CN%3Bmessageservice%2C24.700.0%2CN%3Bperfmon%2C24.100.0%2CN%3Brest%2C24.550.100%2CN%3Bsearch%2C24.0.0%2CN%3Bsecurity%2C24.0.100%2CN%3Bseo%2C24.400.0%2CN%3Bsocialservices%2C24.0.200%2CN%3Btranslate%2C24.100.0%2CN%3Bui%2C24.800.0%2CN%3Bsimai.educenter%2C1.3.2%2CN&reqm=simai.educenter&lim=Y&SUPD_SRS=RU&SUPD_CMP=N
2024-12-12 13:59:37 -  - exec CUpdateClientPartner::GetHTTPPage
2024-12-12 13:59:37 -  - TIME LoadModulesUpdates(request) 0.147 sec
2024-12-12 13:59:37 -  - exec CUpdateClientPartner::ParseServerData
2024-12-12 13:59:37 - S - STEP
2024-12-12 13:59:37 - LMU01 - LoadModulesUpdates-Step
2024-12-12 13:59:37 -  - exec CUpdateClientPartner::LoadModulesUpdates
2024-12-12 13:59:37 -  - exec CUpdateClientPartner::ParseServerData
2024-12-12 13:59:37 -  - loadFile
2024-12-12 13:59:37 - U - RETURN
2024-12-12 13:59:37 -  - exec CUpdateClientPartner::UnGzipArchive
2024-12-12 13:59:37 -  - TIME UnGzipArchive 0.002 sec
2024-12-12 13:59:37 -  - TIME UpdateStepModules 0.005 sec
2024-12-12 13:59:37 - UPD_SUCCESS - Updated: simai.educenter (1.3.3)<br>Изменения в установщике модуля
2024-12-12 13:59:37 -  - exec CUpdateClientPartner::LoadModulesUpdates
2024-12-12 13:59:37 -  - exec CUpdateClientPartner::__CollectRequestData
2024-12-12 13:59:37 -  - utf=Y&lang=ru&stable=Y&CANGZIP=Y&SUPD_DBS=MYSQL&XE=N&CLIENT_SITE=uc.tatem.ru&LICENSE_KEY=X&SUPD_STS=1&SUPD_URS=0&TYPENC=E&CLIENT_PHPVER=8.1.27&NGINX=Y&dbv=8.0.36&instm=main%2C24.200.200%2CN%3Bb24connector%2C24.0.0%2CN%3Bbitrix.sitecorporate%2C24.0.0%2CN%3Bbitrixcloud%2C24.100.0%2CN%3Bclouds%2C24.400.0%2CN%3Bfileman%2C24.300.0%2CN%3Bhighloadblock%2C24.0.201%2CN%3Biblock%2C24.100.200%2CN%3Blanding%2C24.600.0%2CN%3Blocation%2C24.200.0%2CN%3Bmessageservice%2C24.700.0%2CN%3Bperfmon%2C24.100.0%2CN%3Brest%2C24.550.100%2CN%3Bsearch%2C24.0.0%2CN%3Bsecurity%2C24.0.100%2CN%3Bseo%2C24.400.0%2CN%3Bsocialservices%2C24.0.200%2CN%3Btranslate%2C24.100.0%2CN%3Bui%2C24.800.0%2CN%3Bsimai.educenter%2C1.3.3%2CN&reqm=simai.educenter&lim=Y&SUPD_SRS=RU&SUPD_CMP=N
2024-12-12 13:59:37 -  - exec CUpdateClientPartner::GetHTTPPage
2024-12-12 13:59:37 -  - TIME LoadModulesUpdates(request) 0.182 sec
2024-12-12 13:59:37 -  - exec CUpdateClientPartner::ParseServerData
2024-12-12 13:59:37 - STEP - Finish - NOUPDATES
2024-12-12 13:59:37 - STEP - Finish - NOUPDATES
2024-12-12 13:59:41 -  - exec CUpdateClientPartner::GetUpdatesList
2024-12-12 13:59:41 -  - exec CUpdateClientPartner::__CollectRequestData
2024-12-12 13:59:41 -  - utf=Y&lang=ru&stable=Y&CANGZIP=Y&SUPD_DBS=MYSQL&XE=N&CLIENT_SITE=uc.tatem.ru&LICENSE_KEY=X&SUPD_STS=1&SUPD_URS=0&TYPENC=E&CLIENT_PHPVER=8.1.27&NGINX=Y&dbv=8.0.36&instm=main%2C24.200.200%2CN%3Bb24connector%2C24.0.0%2CN%3Bbitrix.sitecorporate%2C24.0.0%2CN%3Bbitrixcloud%2C24.100.0%2CN%3Bclouds%2C24.400.0%2CN%3Bfileman%2C24.300.0%2CN%3Bhighloadblock%2C24.0.201%2CN%3Biblock%2C24.100.200%2CN%3Blanding%2C24.600.0%2CN%3Blocation%2C24.200.0%2CN%3Bmessageservice%2C24.700.0%2CN%3Bperfmon%2C24.100.0%2CN%3Brest%2C24.550.100%2CN%3Bsearch%2C24.0.0%2CN%3Bsecurity%2C24.0.100%2CN%3Bseo%2C24.400.0%2CN%3Bsocialservices%2C24.0.200%2CN%3Btranslate%2C24.100.0%2CN%3Bui%2C24.800.0%2CN%3Bsimai.educenter%2C1.3.3%2CN&reqm=bitrix.sitecorporate%2Csimai.educenter&fullmoduleinfo=Y&SUPD_SRS=RU&SUPD_CMP=N
2024-12-12 13:59:41 -  - exec CUpdateClientPartner::GetHTTPPage
2024-12-12 13:59:41 -  - TIME GetUpdatesList(request) 0.137 sec
2024-12-12 13:59:41 -  - exec CUpdateClientPartner::ParseServerData
2024-12-12 13:59:45 -  - exec CUpdateClientPartner::GetUpdatesList
2024-12-12 13:59:45 -  - exec CUpdateClientPartner::__CollectRequestData
2024-12-12 13:59:45 -  - utf=Y&lang=ru&stable=Y&CANGZIP=Y&SUPD_DBS=MYSQL&XE=N&CLIENT_SITE=uc.tatem.ru&LICENSE_KEY=X&SUPD_STS=1&SUPD_URS=0&TYPENC=E&CLIENT_PHPVER=8.1.27&NGINX=Y&dbv=8.0.36&instm=main%2C24.200.200%2CN%3Bb24connector%2C24.0.0%2CN%3Bbitrix.sitecorporate%2C24.0.0%2CN%3Bbitrixcloud%2C24.100.0%2CN%3Bclouds%2C24.400.0%2CN%3Bfileman%2C24.300.0%2CN%3Bhighloadblock%2C24.0.201%2CN%3Biblock%2C24.100.200%2CN%3Blanding%2C24.600.0%2CN%3Blocation%2C24.200.0%2CN%3Bmessageservice%2C24.700.0%2CN%3Bperfmon%2C24.100.0%2CN%3Brest%2C24.550.100%2CN%3Bsearch%2C24.0.0%2CN%3Bsecurity%2C24.0.100%2CN%3Bseo%2C24.400.0%2CN%3Bsocialservices%2C24.0.200%2CN%3Btranslate%2C24.100.0%2CN%3Bui%2C24.800.0%2CN%3Bsimai.educenter%2C1.3.3%2CN%3Bsimai.complexprop%2C1.3.1%2CN&reqm=bitrix.sitecorporate%2Csimai.educenter%2Csimai.complexprop&fullmoduleinfo=Y&SUPD_SRS=RU&SUPD_CMP=N
2024-12-12 13:59:45 -  - exec CUpdateClientPartner::GetHTTPPage
2024-12-12 13:59:45 -  - TIME GetUpdatesList(request) 0.15 sec
2024-12-12 13:59:45 -  - exec CUpdateClientPartner::ParseServerData
2024-12-12 14:00:04 -  - exec CUpdateClientPartner::GetUpdatesList
2024-12-12 14:00:04 -  - exec CUpdateClientPartner::__CollectRequestData
2024-12-12 14:00:04 -  - utf=Y&lang=ru&stable=Y&CANGZIP=Y&SUPD_DBS=MYSQL&XE=N&CLIENT_SITE=uc.tatem.ru&LICENSE_KEY=X&SUPD_STS=1&SUPD_URS=0&TYPENC=E&CLIENT_PHPVER=8.1.27&NGINX=Y&dbv=8.0.36&instm=main%2C24.200.200%2CN%3Bb24connector%2C24.0.0%2CN%3Bbitrix.sitecorporate%2C24.0.0%2CN%3Bbitrixcloud%2C24.100.0%2CN%3Bclouds%2C24.400.0%2CN%3Bfileman%2C24.300.0%2CN%3Bhighloadblock%2C24.0.201%2CN%3Biblock%2C24.100.200%2CN%3Blanding%2C24.600.0%2CN%3Blocation%2C24.200.0%2CN%3Bmessageservice%2C24.700.0%2CN%3Bperfmon%2C24.100.0%2CN%3Brest%2C24.550.100%2CN%3Bsearch%2C24.0.0%2CN%3Bsecurity%2C24.0.100%2CN%3Bseo%2C24.400.0%2CN%3Bsocialservices%2C24.0.200%2CN%3Btranslate%2C24.100.0%2CN%3Bui%2C24.800.0%2CN%3Bsimai.educenter%2C1.3.3%2CN%3Bsimai.complexprop%2C1.3.1%2CN&reqm=bitrix.sitecorporate%2Csimai.educenter%2Csimai.complexprop%2Csimai.complexprop&SUPD_SRS=RU&SUPD_CMP=N
2024-12-12 14:00:04 -  - exec CUpdateClientPartner::GetHTTPPage
2024-12-12 14:00:04 -  - TIME GetUpdatesList(request) 0.182 sec
2024-12-12 14:00:04 -  - exec CUpdateClientPartner::ParseServerData
2024-12-12 14:00:08 -  - exec CUpdateClientPartner::LoadModulesUpdates
2024-12-12 14:00:08 -  - exec CUpdateClientPartner::__CollectRequestData
2024-12-12 14:00:08 -  - utf=Y&lang=ru&stable=Y&CANGZIP=Y&SUPD_DBS=MYSQL&XE=N&CLIENT_SITE=uc.tatem.ru&LICENSE_KEY=X&SUPD_STS=1&SUPD_URS=0&TYPENC=E&CLIENT_PHPVER=8.1.27&NGINX=Y&dbv=8.0.36&instm=main%2C24.200.200%2CN%3Bb24connector%2C24.0.0%2CN%3Bbitrix.sitecorporate%2C24.0.0%2CN%3Bbitrixcloud%2C24.100.0%2CN%3Bclouds%2C24.400.0%2CN%3Bfileman%2C24.300.0%2CN%3Bhighloadblock%2C24.0.201%2CN%3Biblock%2C24.100.200%2CN%3Blanding%2C24.600.0%2CN%3Blocation%2C24.200.0%2CN%3Bmessageservice%2C24.700.0%2CN%3Bperfmon%2C24.100.0%2CN%3Brest%2C24.550.100%2CN%3Bsearch%2C24.0.0%2CN%3Bsecurity%2C24.0.100%2CN%3Bseo%2C24.400.0%2CN%3Bsocialservices%2C24.0.200%2CN%3Btranslate%2C24.100.0%2CN%3Bui%2C24.800.0%2CN%3Bsimai.educenter%2C1.3.3%2CN%3Bsimai.complexprop%2C1.3.1%2CN&reqm=simai.complexprop&lim=Y&SUPD_SRS=RU&SUPD_CMP=N
2024-12-12 14:00:08 -  - exec CUpdateClientPartner::GetHTTPPage
2024-12-12 14:00:09 -  - TIME LoadModulesUpdates(request) 0.147 sec
2024-12-12 14:00:09 -  - exec CUpdateClientPartner::ParseServerData
2024-12-12 14:00:09 - S - STEP
2024-12-12 14:00:09 - LMU01 - LoadModulesUpdates-Step
2024-12-12 14:00:09 -  - exec CUpdateClientPartner::LoadModulesUpdates
2024-12-12 14:00:09 -  - exec CUpdateClientPartner::ParseServerData
2024-12-12 14:00:09 -  - loadFile
2024-12-12 14:00:09 - U - RETURN
2024-12-12 14:00:09 -  - exec CUpdateClientPartner::UnGzipArchive
2024-12-12 14:00:09 -  - TIME UnGzipArchive 0.004 sec
2024-12-12 14:00:09 -  - TIME UpdateStepModules 0.007 sec
2024-12-12 14:00:09 - UPD_SUCCESS - Updated: simai.complexprop (1.4.2)<br>Адаптация к PHP 8.1, составное свойство адаптировано к копированию элементов в админ-панели, убраны ошибки в списке элементов в админке
2024-12-12 14:00:09 -  - exec CUpdateClientPartner::LoadModulesUpdates
2024-12-12 14:00:09 -  - exec CUpdateClientPartner::__CollectRequestData
2024-12-12 14:00:09 -  - utf=Y&lang=ru&stable=Y&CANGZIP=Y&SUPD_DBS=MYSQL&XE=N&CLIENT_SITE=uc.tatem.ru&LICENSE_KEY=X&SUPD_STS=1&SUPD_URS=0&TYPENC=E&CLIENT_PHPVER=8.1.27&NGINX=Y&dbv=8.0.36&instm=main%2C24.200.200%2CN%3Bb24connector%2C24.0.0%2CN%3Bbitrix.sitecorporate%2C24.0.0%2CN%3Bbitrixcloud%2C24.100.0%2CN%3Bclouds%2C24.400.0%2CN%3Bfileman%2C24.300.0%2CN%3Bhighloadblock%2C24.0.201%2CN%3Biblock%2C24.100.200%2CN%3Blanding%2C24.600.0%2CN%3Blocation%2C24.200.0%2CN%3Bmessageservice%2C24.700.0%2CN%3Bperfmon%2C24.100.0%2CN%3Brest%2C24.550.100%2CN%3Bsearch%2C24.0.0%2CN%3Bsecurity%2C24.0.100%2CN%3Bseo%2C24.400.0%2CN%3Bsocialservices%2C24.0.200%2CN%3Btranslate%2C24.100.0%2CN%3Bui%2C24.800.0%2CN%3Bsimai.educenter%2C1.3.3%2CN%3Bsimai.complexprop%2C1.4.2%2CN&reqm=simai.complexprop&lim=Y&SUPD_SRS=RU&SUPD_CMP=N
2024-12-12 14:00:09 -  - exec CUpdateClientPartner::GetHTTPPage
2024-12-12 14:00:09 -  - TIME LoadModulesUpdates(request) 0.136 sec
2024-12-12 14:00:09 -  - exec CUpdateClientPartner::ParseServerData
2024-12-12 14:00:09 - S - STEP
2024-12-12 14:00:09 - LMU01 - LoadModulesUpdates-Step
2024-12-12 14:00:09 -  - exec CUpdateClientPartner::LoadModulesUpdates
2024-12-12 14:00:09 -  - exec CUpdateClientPartner::ParseServerData
2024-12-12 14:00:09 -  - loadFile
2024-12-12 14:00:09 - U - RETURN
2024-12-12 14:00:09 -  - exec CUpdateClientPartner::UnGzipArchive
2024-12-12 14:00:09 -  - TIME UnGzipArchive 0.003 sec
2024-12-12 14:00:09 -  - TIME UpdateStepModules 0.005 sec
2024-12-12 14:00:09 - UPD_SUCCESS - Updated: simai.complexprop (1.5.0)<br>Вывод значений DISPLAY_VALUE в виде таблицы
2024-12-12 14:00:09 -  - exec CUpdateClientPartner::LoadModulesUpdates
2024-12-12 14:00:09 -  - exec CUpdateClientPartner::__CollectRequestData
2024-12-12 14:00:09 -  - utf=Y&lang=ru&stable=Y&CANGZIP=Y&SUPD_DBS=MYSQL&XE=N&CLIENT_SITE=uc.tatem.ru&LICENSE_KEY=X&SUPD_STS=1&SUPD_URS=0&TYPENC=E&CLIENT_PHPVER=8.1.27&NGINX=Y&dbv=8.0.36&instm=main%2C24.200.200%2CN%3Bb24connector%2C24.0.0%2CN%3Bbitrix.sitecorporate%2C24.0.0%2CN%3Bbitrixcloud%2C24.100.0%2CN%3Bclouds%2C24.400.0%2CN%3Bfileman%2C24.300.0%2CN%3Bhighloadblock%2C24.0.201%2CN%3Biblock%2C24.100.200%2CN%3Blanding%2C24.600.0%2CN%3Blocation%2C24.200.0%2CN%3Bmessageservice%2C24.700.0%2CN%3Bperfmon%2C24.100.0%2CN%3Brest%2C24.550.100%2CN%3Bsearch%2C24.0.0%2CN%3Bsecurity%2C24.0.100%2CN%3Bseo%2C24.400.0%2CN%3Bsocialservices%2C24.0.200%2CN%3Btranslate%2C24.100.0%2CN%3Bui%2C24.800.0%2CN%3Bsimai.educenter%2C1.3.3%2CN%3Bsimai.complexprop%2C1.5.0%2CN&reqm=simai.complexprop&lim=Y&SUPD_SRS=RU&SUPD_CMP=N
2024-12-12 14:00:09 -  - exec CUpdateClientPartner::GetHTTPPage
2024-12-12 14:00:09 -  - TIME LoadModulesUpdates(request) 0.163 sec
2024-12-12 14:00:09 -  - exec CUpdateClientPartner::ParseServerData
2024-12-12 14:00:09 - STEP - Finish - NOUPDATES
2024-12-12 14:00:09 - STEP - Finish - NOUPDATES
2024-12-12 14:00:14 -  - exec CUpdateClientPartner::GetUpdatesList
2024-12-12 14:00:14 -  - exec CUpdateClientPartner::__CollectRequestData
2024-12-12 14:00:14 -  - utf=Y&lang=ru&stable=Y&CANGZIP=Y&SUPD_DBS=MYSQL&XE=N&CLIENT_SITE=uc.tatem.ru&LICENSE_KEY=X&SUPD_STS=1&SUPD_URS=0&TYPENC=E&CLIENT_PHPVER=8.1.27&NGINX=Y&dbv=8.0.36&instm=main%2C24.200.200%2CN%3Bb24connector%2C24.0.0%2CN%3Bbitrix.sitecorporate%2C24.0.0%2CN%3Bbitrixcloud%2C24.100.0%2CN%3Bclouds%2C24.400.0%2CN%3Bfileman%2C24.300.0%2CN%3Bhighloadblock%2C24.0.201%2CN%3Biblock%2C24.100.200%2CN%3Blanding%2C24.600.0%2CN%3Blocation%2C24.200.0%2CN%3Bmessageservice%2C24.700.0%2CN%3Bperfmon%2C24.100.0%2CN%3Brest%2C24.550.100%2CN%3Bsearch%2C24.0.0%2CN%3Bsecurity%2C24.0.100%2CN%3Bseo%2C24.400.0%2CN%3Bsocialservices%2C24.0.200%2CN%3Btranslate%2C24.100.0%2CN%3Bui%2C24.800.0%2CN%3Bsimai.educenter%2C1.3.3%2CN%3Bsimai.complexprop%2C1.5.0%2CN&reqm=bitrix.sitecorporate%2Csimai.educenter%2Csimai.complexprop&fullmoduleinfo=Y&SUPD_SRS=RU&SUPD_CMP=N
2024-12-12 14:00:14 -  - exec CUpdateClientPartner::GetHTTPPage
2024-12-12 14:00:14 -  - TIME GetUpdatesList(request) 0.15 sec
2024-12-12 14:00:14 -  - exec CUpdateClientPartner::ParseServerData
2024-12-22 05:14:32 -  - exec CUpdateClientPartner::__CollectRequestData
2024-12-22 05:14:32 -  - exec CUpdateClientPartner::GetHTTPPage
2024-12-22 05:14:32 -  - exec CUpdateClientPartner::ParseServerData
2024-12-22 05:14:32 -  - exec CUpdateClientPartner::GetUpdatesList
2024-12-22 05:14:32 -  - exec CUpdateClientPartner::__CollectRequestData
2024-12-22 05:14:32 -  - utf=Y&lang=ru&stable=Y&CANGZIP=Y&SUPD_DBS=MYSQL&XE=N&CLIENT_SITE=uc.tatem.ru&LICENSE_KEY=X&SUPD_STS=1&SUPD_URS=0&TYPENC=E&CLIENT_PHPVER=8.1.27&NGINX=Y&dbv=8.0.36&instm=main%2C24.200.200%2CN%3Bb24connector%2C24.0.0%2CN%3Bbitrix.sitecorporate%2C24.0.0%2CN%3Bbitrixcloud%2C24.100.0%2CN%3Bclouds%2C24.400.0%2CN%3Bfileman%2C24.300.0%2CN%3Bhighloadblock%2C24.0.201%2CN%3Biblock%2C24.100.200%2CN%3Blanding%2C24.600.0%2CN%3Blocation%2C24.200.0%2CN%3Bmessageservice%2C24.700.0%2CN%3Bperfmon%2C24.100.0%2CN%3Brest%2C24.550.100%2CN%3Bsearch%2C24.0.0%2CN%3Bsecurity%2C24.0.100%2CN%3Bseo%2C24.400.0%2CN%3Bsocialservices%2C24.0.200%2CN%3Btranslate%2C24.100.0%2CN%3Bui%2C24.800.0%2CN%3Bsimai.educenter%2C1.3.3%2CN%3Bsimai.complexprop%2C1.5.0%2CN&reqm=bitrix.sitecorporate%2Csimai.educenter%2Csimai.complexprop&fullmoduleinfo=Y&SUPD_SRS=RU&SUPD_CMP=N
2024-12-22 05:14:32 -  - exec CUpdateClientPartner::GetHTTPPage
2024-12-22 05:14:32 -  - TIME GetUpdatesList(request) 0.11 sec
2024-12-22 05:14:32 -  - exec CUpdateClientPartner::ParseServerData
2024-12-22 05:14:32 -  - exec CUpdateClientPartner::__CollectRequestData
2024-12-22 05:14:32 -  - exec CUpdateClientPartner::GetHTTPPage
2024-12-22 05:14:32 -  - exec CUpdateClientPartner::ParseServerData
2024-12-27 11:03:45 -  - exec CUpdateClientPartner::__CollectRequestData
2024-12-27 11:03:45 -  - exec CUpdateClientPartner::GetHTTPPage
2024-12-27 11:03:45 -  - exec CUpdateClientPartner::ParseServerData
2024-12-27 11:03:45 -  - exec CUpdateClientPartner::GetUpdatesList
2024-12-27 11:03:45 -  - exec CUpdateClientPartner::__CollectRequestData
2024-12-27 11:03:45 -  - utf=Y&lang=ru&stable=Y&CANGZIP=Y&SUPD_DBS=MYSQL&XE=N&CLIENT_SITE=uc.tatem.ru&LICENSE_KEY=X&SUPD_STS=1&SUPD_URS=0&TYPENC=E&CLIENT_PHPVER=8.1.27&NGINX=Y&dbv=8.0.36&instm=main%2C24.200.200%2CN%3Bb24connector%2C24.0.0%2CN%3Bbitrix.sitecorporate%2C24.0.0%2CN%3Bbitrixcloud%2C24.100.0%2CN%3Bclouds%2C24.400.0%2CN%3Bfileman%2C24.300.0%2CN%3Bhighloadblock%2C24.0.201%2CN%3Biblock%2C24.100.200%2CN%3Blanding%2C24.600.0%2CN%3Blocation%2C24.200.0%2CN%3Bmessageservice%2C24.700.0%2CN%3Bperfmon%2C24.100.0%2CN%3Brest%2C24.550.100%2CN%3Bsearch%2C24.0.0%2CN%3Bsecurity%2C24.0.100%2CN%3Bseo%2C24.400.0%2CN%3Bsocialservices%2C24.0.200%2CN%3Btranslate%2C24.100.0%2CN%3Bui%2C24.800.0%2CN%3Bsimai.educenter%2C1.3.3%2CN%3Bsimai.complexprop%2C1.5.0%2CN&reqm=bitrix.sitecorporate%2Csimai.educenter%2Csimai.complexprop&fullmoduleinfo=Y&SUPD_SRS=RU&SUPD_CMP=N
2024-12-27 11:03:45 -  - exec CUpdateClientPartner::GetHTTPPage
2024-12-27 11:03:45 -  - TIME GetUpdatesList(request) 0.135 sec
2024-12-27 11:03:45 -  - exec CUpdateClientPartner::ParseServerData
2024-12-27 11:03:45 -  - exec CUpdateClientPartner::__CollectRequestData
2024-12-27 11:03:45 -  - exec CUpdateClientPartner::GetHTTPPage
2024-12-27 11:03:45 -  - exec CUpdateClientPartner::ParseServerData
2025-01-10 08:28:55 -  - exec CUpdateClientPartner::__CollectRequestData
2025-01-10 08:28:55 -  - exec CUpdateClientPartner::GetHTTPPage
2025-01-10 08:28:55 -  - exec CUpdateClientPartner::ParseServerData
2025-01-10 08:28:55 -  - exec CUpdateClientPartner::GetUpdatesList
2025-01-10 08:28:55 -  - exec CUpdateClientPartner::__CollectRequestData
2025-01-10 08:28:55 -  - utf=Y&lang=ru&stable=Y&CANGZIP=Y&SUPD_DBS=MYSQL&XE=N&CLIENT_SITE=uc.tatem.ru&LICENSE_KEY=X&SUPD_STS=1&SUPD_URS=0&TYPENC=E&CLIENT_PHPVER=8.1.27&NGINX=Y&dbv=8.0.36&instm=main%2C24.200.200%2CN%3Bb24connector%2C24.0.0%2CN%3Bbitrix.sitecorporate%2C24.0.0%2CN%3Bbitrixcloud%2C24.100.0%2CN%3Bclouds%2C24.400.0%2CN%3Bfileman%2C24.300.0%2CN%3Bhighloadblock%2C24.0.201%2CN%3Biblock%2C24.100.200%2CN%3Blanding%2C24.600.0%2CN%3Blocation%2C24.200.0%2CN%3Bmessageservice%2C24.700.0%2CN%3Bperfmon%2C24.100.0%2CN%3Brest%2C24.550.100%2CN%3Bsearch%2C24.0.0%2CN%3Bsecurity%2C24.0.100%2CN%3Bseo%2C24.400.0%2CN%3Bsocialservices%2C24.0.200%2CN%3Btranslate%2C24.100.0%2CN%3Bui%2C24.800.0%2CN%3Bsimai.educenter%2C1.3.3%2CN%3Bsimai.complexprop%2C1.5.0%2CN&reqm=bitrix.sitecorporate%2Csimai.educenter%2Csimai.complexprop&fullmoduleinfo=Y&SUPD_SRS=RU&SUPD_CMP=N
2025-01-10 08:28:55 -  - exec CUpdateClientPartner::GetHTTPPage
2025-01-10 08:28:55 -  - TIME GetUpdatesList(request) 0.15 sec
2025-01-10 08:28:55 -  - exec CUpdateClientPartner::ParseServerData
2025-01-10 08:28:55 -  - exec CUpdateClientPartner::__CollectRequestData
2025-01-10 08:28:55 -  - exec CUpdateClientPartner::GetHTTPPage
2025-01-10 08:28:56 -  - exec CUpdateClientPartner::ParseServerData
2025-01-12 07:52:54 -  - exec CUpdateClientPartner::__CollectRequestData
2025-01-12 07:52:54 -  - exec CUpdateClientPartner::GetHTTPPage
2025-01-12 07:52:54 -  - exec CUpdateClientPartner::ParseServerData
2025-01-12 07:52:54 -  - exec CUpdateClientPartner::GetUpdatesList
2025-01-12 07:52:54 -  - exec CUpdateClientPartner::__CollectRequestData
2025-01-12 07:52:54 -  - utf=Y&lang=ru&stable=Y&CANGZIP=Y&SUPD_DBS=MYSQL&XE=N&CLIENT_SITE=uc.tatem.ru&LICENSE_KEY=X&SUPD_STS=1&SUPD_URS=0&TYPENC=E&CLIENT_PHPVER=8.1.27&NGINX=Y&dbv=8.0.36&instm=main%2C24.200.200%2CN%3Bb24connector%2C24.0.0%2CN%3Bbitrix.sitecorporate%2C24.0.0%2CN%3Bbitrixcloud%2C24.100.0%2CN%3Bclouds%2C24.400.0%2CN%3Bfileman%2C24.300.0%2CN%3Bhighloadblock%2C24.0.201%2CN%3Biblock%2C24.100.200%2CN%3Blanding%2C24.600.0%2CN%3Blocation%2C24.200.0%2CN%3Bmessageservice%2C24.700.0%2CN%3Bperfmon%2C24.100.0%2CN%3Brest%2C24.550.100%2CN%3Bsearch%2C24.0.0%2CN%3Bsecurity%2C24.0.100%2CN%3Bseo%2C24.400.0%2CN%3Bsocialservices%2C24.0.200%2CN%3Btranslate%2C24.100.0%2CN%3Bui%2C24.800.0%2CN%3Bsimai.educenter%2C1.3.3%2CN%3Bsimai.complexprop%2C1.5.0%2CN&reqm=bitrix.sitecorporate%2Csimai.educenter%2Csimai.complexprop&fullmoduleinfo=Y&SUPD_SRS=RU&SUPD_CMP=N
2025-01-12 07:52:54 -  - exec CUpdateClientPartner::GetHTTPPage
2025-01-12 07:52:54 -  - TIME GetUpdatesList(request) 0.124 sec
2025-01-12 07:52:54 -  - exec CUpdateClientPartner::ParseServerData
2025-01-12 07:52:54 -  - exec CUpdateClientPartner::__CollectRequestData
2025-01-12 07:52:54 -  - exec CUpdateClientPartner::GetHTTPPage
2025-01-12 07:52:54 -  - exec CUpdateClientPartner::ParseServerData
2025-01-14 08:47:31 -  - exec CUpdateClientPartner::__CollectRequestData
2025-01-14 08:47:31 -  - exec CUpdateClientPartner::GetHTTPPage
2025-01-14 08:47:31 -  - exec CUpdateClientPartner::ParseServerData
2025-01-14 08:47:31 -  - exec CUpdateClientPartner::GetUpdatesList
2025-01-14 08:47:31 -  - exec CUpdateClientPartner::__CollectRequestData
2025-01-14 08:47:31 -  - utf=Y&lang=ru&stable=Y&CANGZIP=Y&SUPD_DBS=MYSQL&XE=N&CLIENT_SITE=uc.tatem.ru&LICENSE_KEY=X&SUPD_STS=1&SUPD_URS=0&TYPENC=E&CLIENT_PHPVER=8.1.27&NGINX=Y&dbv=8.0.36&instm=main%2C24.200.200%2CN%3Bb24connector%2C24.0.0%2CN%3Bbitrix.sitecorporate%2C24.0.0%2CN%3Bbitrixcloud%2C24.100.0%2CN%3Bclouds%2C24.400.0%2CN%3Bfileman%2C24.300.0%2CN%3Bhighloadblock%2C24.0.201%2CN%3Biblock%2C24.100.200%2CN%3Blanding%2C24.600.0%2CN%3Blocation%2C24.200.0%2CN%3Bmessageservice%2C24.700.0%2CN%3Bperfmon%2C24.100.0%2CN%3Brest%2C24.550.100%2CN%3Bsearch%2C24.0.0%2CN%3Bsecurity%2C24.0.100%2CN%3Bseo%2C24.400.0%2CN%3Bsocialservices%2C24.0.200%2CN%3Btranslate%2C24.100.0%2CN%3Bui%2C24.800.0%2CN%3Bsimai.educenter%2C1.3.3%2CN%3Bsimai.complexprop%2C1.5.0%2CN&reqm=bitrix.sitecorporate%2Csimai.educenter%2Csimai.complexprop&fullmoduleinfo=Y&SUPD_SRS=RU&SUPD_CMP=N
2025-01-14 08:47:31 -  - exec CUpdateClientPartner::GetHTTPPage
2025-01-14 08:47:31 -  - TIME GetUpdatesList(request) 0.185 sec
2025-01-14 08:47:31 -  - exec CUpdateClientPartner::ParseServerData
2025-01-14 08:47:31 -  - exec CUpdateClientPartner::__CollectRequestData
2025-01-14 08:47:31 -  - exec CUpdateClientPartner::GetHTTPPage
2025-01-14 08:47:31 -  - exec CUpdateClientPartner::ParseServerData
2025-01-15 10:22:12 -  - exec CUpdateClientPartner::__CollectRequestData
2025-01-15 10:22:12 -  - exec CUpdateClientPartner::GetHTTPPage
2025-01-15 10:22:13 -  - exec CUpdateClientPartner::ParseServerData
2025-01-15 10:22:13 -  - exec CUpdateClientPartner::GetUpdatesList
2025-01-15 10:22:13 -  - exec CUpdateClientPartner::__CollectRequestData
2025-01-15 10:22:13 -  - utf=Y&lang=ru&stable=Y&CANGZIP=Y&SUPD_DBS=MYSQL&XE=N&CLIENT_SITE=uc.tatem.ru&LICENSE_KEY=X&SUPD_STS=1&SUPD_URS=0&TYPENC=E&CLIENT_PHPVER=8.1.27&NGINX=Y&dbv=8.0.36&instm=main%2C24.200.200%2CN%3Bb24connector%2C24.0.0%2CN%3Bbitrix.sitecorporate%2C24.0.0%2CN%3Bbitrixcloud%2C24.100.0%2CN%3Bclouds%2C24.400.0%2CN%3Bfileman%2C24.300.0%2CN%3Bhighloadblock%2C24.0.201%2CN%3Biblock%2C24.100.200%2CN%3Blanding%2C24.600.0%2CN%3Blocation%2C24.200.0%2CN%3Bmessageservice%2C24.700.0%2CN%3Bperfmon%2C24.100.0%2CN%3Brest%2C24.550.100%2CN%3Bsearch%2C24.0.0%2CN%3Bsecurity%2C24.0.100%2CN%3Bseo%2C24.400.0%2CN%3Bsocialservices%2C24.0.200%2CN%3Btranslate%2C24.100.0%2CN%3Bui%2C24.800.0%2CN%3Bsimai.educenter%2C1.3.3%2CN%3Bsimai.complexprop%2C1.5.0%2CN&reqm=bitrix.sitecorporate%2Csimai.educenter%2Csimai.complexprop&fullmoduleinfo=Y&SUPD_SRS=RU&SUPD_CMP=N
2025-01-15 10:22:13 -  - exec CUpdateClientPartner::GetHTTPPage
2025-01-15 10:22:13 -  - TIME GetUpdatesList(request) 0.226 sec
2025-01-15 10:22:13 -  - exec CUpdateClientPartner::ParseServerData
2025-01-15 10:22:13 -  - exec CUpdateClientPartner::__CollectRequestData
2025-01-15 10:22:13 -  - exec CUpdateClientPartner::GetHTTPPage
2025-01-15 10:22:13 -  - exec CUpdateClientPartner::ParseServerData
2025-01-17 12:17:21 -  - exec CUpdateClientPartner::__CollectRequestData
2025-01-17 12:17:21 -  - exec CUpdateClientPartner::GetHTTPPage
2025-01-17 12:17:22 -  - exec CUpdateClientPartner::ParseServerData
2025-01-17 12:17:22 -  - exec CUpdateClientPartner::GetUpdatesList
2025-01-17 12:17:22 -  - exec CUpdateClientPartner::__CollectRequestData
2025-01-17 12:17:22 -  - utf=Y&lang=ru&stable=Y&CANGZIP=Y&SUPD_DBS=MYSQL&XE=N&CLIENT_SITE=uc.tatem.ru&LICENSE_KEY=X&SUPD_STS=1&SUPD_URS=0&TYPENC=E&CLIENT_PHPVER=8.1.27&NGINX=Y&dbv=8.0.36&instm=main%2C24.200.200%2CN%3Bb24connector%2C24.0.0%2CN%3Bbitrix.sitecorporate%2C24.0.0%2CN%3Bbitrixcloud%2C24.100.0%2CN%3Bclouds%2C24.400.0%2CN%3Bfileman%2C24.300.0%2CN%3Bhighloadblock%2C24.0.201%2CN%3Biblock%2C24.100.200%2CN%3Blanding%2C24.600.0%2CN%3Blocation%2C24.200.0%2CN%3Bmessageservice%2C24.700.0%2CN%3Bperfmon%2C24.100.0%2CN%3Brest%2C24.550.100%2CN%3Bsearch%2C24.0.0%2CN%3Bsecurity%2C24.0.100%2CN%3Bseo%2C24.400.0%2CN%3Bsocialservices%2C24.0.200%2CN%3Btranslate%2C24.100.0%2CN%3Bui%2C24.800.0%2CN%3Bsimai.educenter%2C1.3.3%2CN%3Bsimai.complexprop%2C1.5.0%2CN&reqm=bitrix.sitecorporate%2Csimai.educenter%2Csimai.complexprop&fullmoduleinfo=Y&SUPD_SRS=RU&SUPD_CMP=N
2025-01-17 12:17:22 -  - exec CUpdateClientPartner::GetHTTPPage
2025-01-17 12:17:22 -  - TIME GetUpdatesList(request) 0.146 sec
2025-01-17 12:17:22 -  - exec CUpdateClientPartner::ParseServerData
2025-01-17 12:17:22 -  - exec CUpdateClientPartner::__CollectRequestData
2025-01-17 12:17:22 -  - exec CUpdateClientPartner::GetHTTPPage
2025-01-17 12:17:22 -  - exec CUpdateClientPartner::ParseServerData
2025-01-19 15:38:51 -  - exec CUpdateClientPartner::__CollectRequestData
2025-01-19 15:38:51 -  - exec CUpdateClientPartner::GetHTTPPage
2025-01-19 15:38:51 -  - exec CUpdateClientPartner::ParseServerData
2025-01-19 15:38:51 -  - exec CUpdateClientPartner::GetUpdatesList
2025-01-19 15:38:51 -  - exec CUpdateClientPartner::__CollectRequestData
2025-01-19 15:38:51 -  - utf=Y&lang=ru&stable=Y&CANGZIP=Y&SUPD_DBS=MYSQL&XE=N&CLIENT_SITE=uc.tatem.ru&LICENSE_KEY=X&SUPD_STS=1&SUPD_URS=0&TYPENC=E&CLIENT_PHPVER=8.1.27&NGINX=Y&dbv=8.0.36&instm=main%2C24.200.200%2CN%3Bb24connector%2C24.0.0%2CN%3Bbitrix.sitecorporate%2C24.0.0%2CN%3Bbitrixcloud%2C24.100.0%2CN%3Bclouds%2C24.400.0%2CN%3Bfileman%2C24.300.0%2CN%3Bhighloadblock%2C24.0.201%2CN%3Biblock%2C24.100.200%2CN%3Blanding%2C24.600.0%2CN%3Blocation%2C24.200.0%2CN%3Bmessageservice%2C24.700.0%2CN%3Bperfmon%2C24.100.0%2CN%3Brest%2C24.550.100%2CN%3Bsearch%2C24.0.0%2CN%3Bsecurity%2C24.0.100%2CN%3Bseo%2C24.400.0%2CN%3Bsocialservices%2C24.0.200%2CN%3Btranslate%2C24.100.0%2CN%3Bui%2C24.800.0%2CN%3Bsimai.educenter%2C1.3.3%2CN%3Bsimai.complexprop%2C1.5.0%2CN&reqm=bitrix.sitecorporate%2Csimai.educenter%2Csimai.complexprop&fullmoduleinfo=Y&SUPD_SRS=RU&SUPD_CMP=N
2025-01-19 15:38:51 -  - exec CUpdateClientPartner::GetHTTPPage
2025-01-19 15:38:51 -  - TIME GetUpdatesList(request) 0.122 sec
2025-01-19 15:38:51 -  - exec CUpdateClientPartner::ParseServerData
2025-01-19 15:38:51 -  - exec CUpdateClientPartner::__CollectRequestData
2025-01-19 15:38:51 -  - exec CUpdateClientPartner::GetHTTPPage
2025-01-19 15:38:51 -  - exec CUpdateClientPartner::ParseServerData
2025-01-20 15:55:44 -  - exec CUpdateClientPartner::__CollectRequestData
2025-01-20 15:55:44 -  - exec CUpdateClientPartner::GetHTTPPage
2025-01-20 15:55:44 -  - exec CUpdateClientPartner::ParseServerData
2025-01-20 15:55:44 -  - exec CUpdateClientPartner::GetUpdatesList
2025-01-20 15:55:44 -  - exec CUpdateClientPartner::__CollectRequestData
2025-01-20 15:55:44 -  - utf=Y&lang=ru&stable=Y&CANGZIP=Y&SUPD_DBS=MYSQL&XE=N&CLIENT_SITE=uc.tatem.ru&LICENSE_KEY=X&SUPD_STS=1&SUPD_URS=0&TYPENC=E&CLIENT_PHPVER=8.1.27&NGINX=Y&dbv=8.0.36&instm=main%2C24.200.200%2CN%3Bb24connector%2C24.0.0%2CN%3Bbitrix.sitecorporate%2C24.0.0%2CN%3Bbitrixcloud%2C24.100.0%2CN%3Bclouds%2C24.400.0%2CN%3Bfileman%2C24.300.0%2CN%3Bhighloadblock%2C24.0.201%2CN%3Biblock%2C24.100.200%2CN%3Blanding%2C24.600.0%2CN%3Blocation%2C24.200.0%2CN%3Bmessageservice%2C24.700.0%2CN%3Bperfmon%2C24.100.0%2CN%3Brest%2C24.550.100%2CN%3Bsearch%2C24.0.0%2CN%3Bsecurity%2C24.0.100%2CN%3Bseo%2C24.400.0%2CN%3Bsocialservices%2C24.0.200%2CN%3Btranslate%2C24.100.0%2CN%3Bui%2C24.800.0%2CN%3Bsimai.educenter%2C1.3.3%2CN%3Bsimai.complexprop%2C1.5.0%2CN&reqm=bitrix.sitecorporate%2Csimai.educenter%2Csimai.complexprop&fullmoduleinfo=Y&SUPD_SRS=RU&SUPD_CMP=N
2025-01-20 15:55:44 -  - exec CUpdateClientPartner::GetHTTPPage
2025-01-20 15:55:44 -  - TIME GetUpdatesList(request) 0.134 sec
2025-01-20 15:55:44 -  - exec CUpdateClientPartner::ParseServerData
2025-01-20 15:55:44 -  - exec CUpdateClientPartner::__CollectRequestData
2025-01-20 15:55:44 -  - exec CUpdateClientPartner::GetHTTPPage
2025-01-20 15:55:44 -  - exec CUpdateClientPartner::ParseServerData
2025-01-22 15:37:58 -  - exec CUpdateClientPartner::__CollectRequestData
2025-01-22 15:37:58 -  - exec CUpdateClientPartner::GetHTTPPage
2025-01-22 15:37:58 -  - exec CUpdateClientPartner::ParseServerData
2025-01-22 15:37:58 -  - exec CUpdateClientPartner::GetUpdatesList
2025-01-22 15:37:58 -  - exec CUpdateClientPartner::__CollectRequestData
2025-01-22 15:37:58 -  - utf=Y&lang=ru&stable=Y&CANGZIP=Y&SUPD_DBS=MYSQL&XE=N&CLIENT_SITE=uc.tatem.ru&LICENSE_KEY=X&SUPD_STS=1&SUPD_URS=0&TYPENC=E&CLIENT_PHPVER=8.1.27&NGINX=Y&dbv=8.0.36&instm=main%2C24.200.200%2CN%3Bb24connector%2C24.0.0%2CN%3Bbitrix.sitecorporate%2C24.0.0%2CN%3Bbitrixcloud%2C24.100.0%2CN%3Bclouds%2C24.400.0%2CN%3Bfileman%2C24.300.0%2CN%3Bhighloadblock%2C24.0.201%2CN%3Biblock%2C24.100.200%2CN%3Blanding%2C24.600.0%2CN%3Blocation%2C24.200.0%2CN%3Bmessageservice%2C24.700.0%2CN%3Bperfmon%2C24.100.0%2CN%3Brest%2C24.550.100%2CN%3Bsearch%2C24.0.0%2CN%3Bsecurity%2C24.0.100%2CN%3Bseo%2C24.400.0%2CN%3Bsocialservices%2C24.0.200%2CN%3Btranslate%2C24.100.0%2CN%3Bui%2C24.800.0%2CN%3Bsimai.educenter%2C1.3.3%2CN%3Bsimai.complexprop%2C1.5.0%2CN&reqm=bitrix.sitecorporate%2Csimai.educenter%2Csimai.complexprop&fullmoduleinfo=Y&SUPD_SRS=RU&SUPD_CMP=N
2025-01-22 15:37:58 -  - exec CUpdateClientPartner::GetHTTPPage
2025-01-22 15:37:58 -  - TIME GetUpdatesList(request) 0.127 sec
2025-01-22 15:37:58 -  - exec CUpdateClientPartner::ParseServerData
2025-01-22 15:37:58 -  - exec CUpdateClientPartner::__CollectRequestData
2025-01-22 15:37:58 -  - exec CUpdateClientPartner::GetHTTPPage
2025-01-22 15:37:58 -  - exec CUpdateClientPartner::ParseServerData
2025-01-27 14:17:09 -  - exec CUpdateClientPartner::__CollectRequestData
2025-01-27 14:17:09 -  - exec CUpdateClientPartner::GetHTTPPage
2025-01-27 14:17:09 -  - exec CUpdateClientPartner::ParseServerData
2025-01-27 14:17:09 -  - exec CUpdateClientPartner::GetUpdatesList
2025-01-27 14:17:09 -  - exec CUpdateClientPartner::__CollectRequestData
2025-01-27 14:17:09 -  - utf=Y&lang=ru&stable=Y&CANGZIP=Y&SUPD_DBS=MYSQL&XE=N&CLIENT_SITE=uc.tatem.ru&LICENSE_KEY=X&SUPD_STS=1&SUPD_URS=0&TYPENC=E&CLIENT_PHPVER=8.1.27&NGINX=Y&dbv=8.0.36&instm=main%2C24.200.200%2CN%3Bb24connector%2C24.0.0%2CN%3Bbitrix.sitecorporate%2C24.0.0%2CN%3Bbitrixcloud%2C24.100.0%2CN%3Bclouds%2C24.400.0%2CN%3Bfileman%2C24.300.0%2CN%3Bhighloadblock%2C24.0.201%2CN%3Biblock%2C24.100.200%2CN%3Blanding%2C24.600.0%2CN%3Blocation%2C24.200.0%2CN%3Bmessageservice%2C24.700.0%2CN%3Bperfmon%2C24.100.0%2CN%3Brest%2C24.550.100%2CN%3Bsearch%2C24.0.0%2CN%3Bsecurity%2C24.0.100%2CN%3Bseo%2C24.400.0%2CN%3Bsocialservices%2C24.0.200%2CN%3Btranslate%2C24.100.0%2CN%3Bui%2C24.800.0%2CN%3Bsimai.educenter%2C1.3.3%2CN%3Bsimai.complexprop%2C1.5.0%2CN&reqm=bitrix.sitecorporate%2Csimai.educenter%2Csimai.complexprop&fullmoduleinfo=Y&SUPD_SRS=RU&SUPD_CMP=N
2025-01-27 14:17:09 -  - exec CUpdateClientPartner::GetHTTPPage
2025-01-27 14:17:09 -  - TIME GetUpdatesList(request) 0.128 sec
2025-01-27 14:17:09 -  - exec CUpdateClientPartner::ParseServerData
2025-01-27 14:17:09 -  - exec CUpdateClientPartner::__CollectRequestData
2025-01-27 14:17:09 -  - exec CUpdateClientPartner::GetHTTPPage
2025-01-27 14:17:09 -  - exec CUpdateClientPartner::ParseServerData
2025-01-29 07:16:44 -  - exec CUpdateClientPartner::__CollectRequestData
2025-01-29 07:16:44 -  - exec CUpdateClientPartner::GetHTTPPage
2025-01-29 07:16:44 -  - exec CUpdateClientPartner::__CollectRequestData
2025-01-29 07:16:44 -  - exec CUpdateClientPartner::GetHTTPPage
2025-01-29 07:16:44 -  - exec CUpdateClientPartner::ParseServerData
2025-01-29 07:16:44 -  - exec CUpdateClientPartner::ParseServerData
2025-01-29 07:16:44 -  - exec CUpdateClientPartner::GetUpdatesList
2025-01-29 07:16:44 -  - exec CUpdateClientPartner::__CollectRequestData
2025-01-29 07:16:44 -  - exec CUpdateClientPartner::GetUpdatesList
2025-01-29 07:16:44 -  - exec CUpdateClientPartner::__CollectRequestData
2025-01-29 07:16:44 -  - utf=Y&lang=ru&stable=Y&CANGZIP=Y&SUPD_DBS=MYSQL&XE=N&CLIENT_SITE=uc.tatem.ru&LICENSE_KEY=X&SUPD_STS=1&SUPD_URS=0&TYPENC=E&CLIENT_PHPVER=8.1.27&NGINX=Y&dbv=8.0.36&instm=main%2C24.200.200%2CN%3Bb24connector%2C24.0.0%2CN%3Bbitrix.sitecorporate%2C24.0.0%2CN%3Bbitrixcloud%2C24.100.0%2CN%3Bclouds%2C24.400.0%2CN%3Bfileman%2C24.300.0%2CN%3Bhighloadblock%2C24.0.201%2CN%3Biblock%2C24.100.200%2CN%3Blanding%2C24.600.0%2CN%3Blocation%2C24.200.0%2CN%3Bmessageservice%2C24.700.0%2CN%3Bperfmon%2C24.100.0%2CN%3Brest%2C24.550.100%2CN%3Bsearch%2C24.0.0%2CN%3Bsecurity%2C24.0.100%2CN%3Bseo%2C24.400.0%2CN%3Bsocialservices%2C24.0.200%2CN%3Btranslate%2C24.100.0%2CN%3Bui%2C24.800.0%2CN%3Bsimai.educenter%2C1.3.3%2CN%3Bsimai.complexprop%2C1.5.0%2CN&reqm=bitrix.sitecorporate%2Csimai.educenter%2Csimai.complexprop&fullmoduleinfo=Y&SUPD_SRS=RU&SUPD_CMP=N
2025-01-29 07:16:44 -  - exec CUpdateClientPartner::GetHTTPPage
2025-01-29 07:16:44 -  - utf=Y&lang=ru&stable=Y&CANGZIP=Y&SUPD_DBS=MYSQL&XE=N&CLIENT_SITE=uc.tatem.ru&LICENSE_KEY=X&SUPD_STS=1&SUPD_URS=0&TYPENC=E&CLIENT_PHPVER=8.1.27&NGINX=Y&dbv=8.0.36&instm=main%2C24.200.200%2CN%3Bb24connector%2C24.0.0%2CN%3Bbitrix.sitecorporate%2C24.0.0%2CN%3Bbitrixcloud%2C24.100.0%2CN%3Bclouds%2C24.400.0%2CN%3Bfileman%2C24.300.0%2CN%3Bhighloadblock%2C24.0.201%2CN%3Biblock%2C24.100.200%2CN%3Blanding%2C24.600.0%2CN%3Blocation%2C24.200.0%2CN%3Bmessageservice%2C24.700.0%2CN%3Bperfmon%2C24.100.0%2CN%3Brest%2C24.550.100%2CN%3Bsearch%2C24.0.0%2CN%3Bsecurity%2C24.0.100%2CN%3Bseo%2C24.400.0%2CN%3Bsocialservices%2C24.0.200%2CN%3Btranslate%2C24.100.0%2CN%3Bui%2C24.800.0%2CN%3Bsimai.educenter%2C1.3.3%2CN%3Bsimai.complexprop%2C1.5.0%2CN&reqm=bitrix.sitecorporate%2Csimai.educenter%2Csimai.complexprop&fullmoduleinfo=Y&SUPD_SRS=RU&SUPD_CMP=N
2025-01-29 07:16:44 -  - exec CUpdateClientPartner::GetHTTPPage
2025-01-29 07:16:45 -  - TIME GetUpdatesList(request) 0.124 sec
2025-01-29 07:16:45 -  - exec CUpdateClientPartner::ParseServerData
2025-01-29 07:16:45 -  - TIME GetUpdatesList(request) 0.125 sec
2025-01-29 07:16:45 -  - exec CUpdateClientPartner::ParseServerData
2025-01-29 07:16:45 -  - exec CUpdateClientPartner::__CollectRequestData
2025-01-29 07:16:45 -  - exec CUpdateClientPartner::__CollectRequestData
2025-01-29 07:16:45 -  - exec CUpdateClientPartner::GetHTTPPage
2025-01-29 07:16:45 -  - exec CUpdateClientPartner::GetHTTPPage
2025-01-29 07:16:45 -  - exec CUpdateClientPartner::ParseServerData
2025-01-29 07:16:45 -  - exec CUpdateClientPartner::ParseServerData
2025-01-30 07:46:28 -  - exec CUpdateClientPartner::__CollectRequestData
2025-01-30 07:46:28 -  - exec CUpdateClientPartner::GetHTTPPage
2025-01-30 07:46:28 -  - exec CUpdateClientPartner::ParseServerData
2025-01-30 07:46:28 -  - exec CUpdateClientPartner::GetUpdatesList
2025-01-30 07:46:28 -  - exec CUpdateClientPartner::__CollectRequestData
2025-01-30 07:46:28 -  - utf=Y&lang=ru&stable=Y&CANGZIP=Y&SUPD_DBS=MYSQL&XE=N&CLIENT_SITE=uc.tatem.ru&LICENSE_KEY=X&SUPD_STS=1&SUPD_URS=0&TYPENC=E&CLIENT_PHPVER=8.1.27&NGINX=Y&dbv=8.0.36&instm=main%2C24.200.200%2CN%3Bb24connector%2C24.0.0%2CN%3Bbitrix.sitecorporate%2C24.0.0%2CN%3Bbitrixcloud%2C24.100.0%2CN%3Bclouds%2C24.400.0%2CN%3Bfileman%2C24.300.0%2CN%3Bhighloadblock%2C24.0.201%2CN%3Biblock%2C24.100.200%2CN%3Blanding%2C24.600.0%2CN%3Blocation%2C24.200.0%2CN%3Bmessageservice%2C24.700.0%2CN%3Bperfmon%2C24.100.0%2CN%3Brest%2C24.550.100%2CN%3Bsearch%2C24.0.0%2CN%3Bsecurity%2C24.0.100%2CN%3Bseo%2C24.400.0%2CN%3Bsocialservices%2C24.0.200%2CN%3Btranslate%2C24.100.0%2CN%3Bui%2C24.800.0%2CN%3Bsimai.educenter%2C1.3.3%2CN%3Bsimai.complexprop%2C1.5.0%2CN&reqm=bitrix.sitecorporate%2Csimai.educenter%2Csimai.complexprop&fullmoduleinfo=Y&SUPD_SRS=RU&SUPD_CMP=N
2025-01-30 07:46:28 -  - exec CUpdateClientPartner::GetHTTPPage
2025-01-30 07:46:28 -  - TIME GetUpdatesList(request) 0.134 sec
2025-01-30 07:46:28 -  - exec CUpdateClientPartner::ParseServerData
2025-01-30 07:46:28 -  - exec CUpdateClientPartner::__CollectRequestData
2025-01-30 07:46:28 -  - exec CUpdateClientPartner::GetHTTPPage
2025-01-30 07:46:29 -  - exec CUpdateClientPartner::ParseServerData
2025-02-03 16:49:37 -  - exec CUpdateClientPartner::__CollectRequestData
2025-02-03 16:49:37 -  - exec CUpdateClientPartner::GetHTTPPage
2025-02-03 16:49:37 -  - exec CUpdateClientPartner::ParseServerData
2025-02-03 16:49:37 -  - exec CUpdateClientPartner::GetUpdatesList
2025-02-03 16:49:37 -  - exec CUpdateClientPartner::__CollectRequestData
2025-02-03 16:49:37 -  - utf=Y&lang=ru&stable=Y&CANGZIP=Y&SUPD_DBS=MYSQL&XE=N&CLIENT_SITE=uc.tatem.ru&LICENSE_KEY=X&SUPD_STS=1&SUPD_URS=0&TYPENC=E&CLIENT_PHPVER=8.1.27&NGINX=Y&dbv=8.0.36&instm=main%2C24.200.200%2CN%3Bb24connector%2C24.0.0%2CN%3Bbitrix.sitecorporate%2C24.0.0%2CN%3Bbitrixcloud%2C24.100.0%2CN%3Bclouds%2C24.400.0%2CN%3Bfileman%2C24.300.0%2CN%3Bhighloadblock%2C24.0.201%2CN%3Biblock%2C24.100.200%2CN%3Blanding%2C24.600.0%2CN%3Blocation%2C24.200.0%2CN%3Bmessageservice%2C24.700.0%2CN%3Bperfmon%2C24.100.0%2CN%3Brest%2C24.550.100%2CN%3Bsearch%2C24.0.0%2CN%3Bsecurity%2C24.0.100%2CN%3Bseo%2C24.400.0%2CN%3Bsocialservices%2C24.0.200%2CN%3Btranslate%2C24.100.0%2CN%3Bui%2C24.800.0%2CN%3Bsimai.educenter%2C1.3.3%2CN%3Bsimai.complexprop%2C1.5.0%2CN&reqm=bitrix.sitecorporate%2Csimai.educenter%2Csimai.complexprop&fullmoduleinfo=Y&SUPD_SRS=RU&SUPD_CMP=N
2025-02-03 16:49:37 -  - exec CUpdateClientPartner::GetHTTPPage
2025-02-03 16:49:37 -  - TIME GetUpdatesList(request) 0.129 sec
2025-02-03 16:49:37 -  - exec CUpdateClientPartner::ParseServerData
2025-02-03 16:49:37 -  - exec CUpdateClientPartner::__CollectRequestData
2025-02-03 16:49:37 -  - exec CUpdateClientPartner::GetHTTPPage
2025-02-03 16:49:37 -  - exec CUpdateClientPartner::ParseServerData
2025-02-13 08:16:58 -  - exec CUpdateClientPartner::__CollectRequestData
2025-02-13 08:16:58 -  - exec CUpdateClientPartner::__CollectRequestData
2025-02-13 08:16:58 -  - exec CUpdateClientPartner::GetHTTPPage
2025-02-13 08:16:58 -  - exec CUpdateClientPartner::GetHTTPPage
2025-02-13 08:16:58 -  - exec CUpdateClientPartner::ParseServerData
2025-02-13 08:16:58 -  - exec CUpdateClientPartner::GetUpdatesList
2025-02-13 08:16:58 -  - exec CUpdateClientPartner::__CollectRequestData
2025-02-13 08:16:58 -  - utf=Y&lang=ru&stable=Y&CANGZIP=Y&SUPD_DBS=MYSQL&XE=N&CLIENT_SITE=uc.tatem.ru&LICENSE_KEY=X&SUPD_STS=1&SUPD_URS=0&TYPENC=E&CLIENT_PHPVER=8.1.27&NGINX=Y&dbv=8.0.36&instm=main%2C24.200.200%2CN%3Bb24connector%2C24.0.0%2CN%3Bbitrix.sitecorporate%2C24.0.0%2CN%3Bbitrixcloud%2C24.100.0%2CN%3Bclouds%2C24.400.0%2CN%3Bfileman%2C24.300.0%2CN%3Bhighloadblock%2C24.0.201%2CN%3Biblock%2C24.100.200%2CN%3Blanding%2C24.600.0%2CN%3Blocation%2C24.200.0%2CN%3Bmessageservice%2C24.700.0%2CN%3Bperfmon%2C24.100.0%2CN%3Brest%2C24.550.100%2CN%3Bsearch%2C24.0.0%2CN%3Bsecurity%2C24.0.100%2CN%3Bseo%2C24.400.0%2CN%3Bsocialservices%2C24.0.200%2CN%3Btranslate%2C24.100.0%2CN%3Bui%2C24.800.0%2CN%3Bsimai.educenter%2C1.3.3%2CN%3Bsimai.complexprop%2C1.5.0%2CN&reqm=bitrix.sitecorporate%2Csimai.educenter%2Csimai.complexprop&fullmoduleinfo=Y&SUPD_SRS=RU&SUPD_CMP=N
2025-02-13 08:16:58 -  - exec CUpdateClientPartner::GetHTTPPage
2025-02-13 08:16:58 -  - exec CUpdateClientPartner::ParseServerData
2025-02-13 08:16:58 -  - exec CUpdateClientPartner::GetUpdatesList
2025-02-13 08:16:58 -  - exec CUpdateClientPartner::__CollectRequestData
2025-02-13 08:16:58 -  - utf=Y&lang=ru&stable=Y&CANGZIP=Y&SUPD_DBS=MYSQL&XE=N&CLIENT_SITE=uc.tatem.ru&LICENSE_KEY=X&SUPD_STS=1&SUPD_URS=0&TYPENC=E&CLIENT_PHPVER=8.1.27&NGINX=Y&dbv=8.0.36&instm=main%2C24.200.200%2CN%3Bb24connector%2C24.0.0%2CN%3Bbitrix.sitecorporate%2C24.0.0%2CN%3Bbitrixcloud%2C24.100.0%2CN%3Bclouds%2C24.400.0%2CN%3Bfileman%2C24.300.0%2CN%3Bhighloadblock%2C24.0.201%2CN%3Biblock%2C24.100.200%2CN%3Blanding%2C24.600.0%2CN%3Blocation%2C24.200.0%2CN%3Bmessageservice%2C24.700.0%2CN%3Bperfmon%2C24.100.0%2CN%3Brest%2C24.550.100%2CN%3Bsearch%2C24.0.0%2CN%3Bsecurity%2C24.0.100%2CN%3Bseo%2C24.400.0%2CN%3Bsocialservices%2C24.0.200%2CN%3Btranslate%2C24.100.0%2CN%3Bui%2C24.800.0%2CN%3Bsimai.educenter%2C1.3.3%2CN%3Bsimai.complexprop%2C1.5.0%2CN&reqm=bitrix.sitecorporate%2Csimai.educenter%2Csimai.complexprop&fullmoduleinfo=Y&SUPD_SRS=RU&SUPD_CMP=N
2025-02-13 08:16:58 -  - exec CUpdateClientPartner::GetHTTPPage
2025-02-13 08:16:58 -  - TIME GetUpdatesList(request) 0.114 sec
2025-02-13 08:16:58 -  - exec CUpdateClientPartner::ParseServerData
2025-02-13 08:16:58 -  - exec CUpdateClientPartner::__CollectRequestData
2025-02-13 08:16:58 -  - exec CUpdateClientPartner::GetHTTPPage
2025-02-13 08:16:58 -  - TIME GetUpdatesList(request) 0.121 sec
2025-02-13 08:16:58 -  - exec CUpdateClientPartner::ParseServerData
2025-02-13 08:16:58 -  - exec CUpdateClientPartner::__CollectRequestData
2025-02-13 08:16:58 -  - exec CUpdateClientPartner::GetHTTPPage
2025-02-13 08:16:58 -  - exec CUpdateClientPartner::ParseServerData
2025-02-13 08:16:58 -  - exec CUpdateClientPartner::ParseServerData
2025-03-03 07:20:03 -  - exec CUpdateClientPartner::__CollectRequestData
2025-03-03 07:20:03 -  - exec CUpdateClientPartner::__CollectRequestData
2025-03-03 07:20:03 -  - exec CUpdateClientPartner::GetHTTPPage
2025-03-03 07:20:03 -  - exec CUpdateClientPartner::GetHTTPPage
2025-03-03 07:20:03 -  - exec CUpdateClientPartner::ParseServerData
2025-03-03 07:20:03 -  - exec CUpdateClientPartner::GetUpdatesList
2025-03-03 07:20:03 -  - exec CUpdateClientPartner::__CollectRequestData
2025-03-03 07:20:03 -  - exec CUpdateClientPartner::ParseServerData
2025-03-03 07:20:03 -  - exec CUpdateClientPartner::GetUpdatesList
2025-03-03 07:20:03 -  - exec CUpdateClientPartner::__CollectRequestData
2025-03-03 07:20:03 -  - utf=Y&lang=ru&stable=Y&CANGZIP=Y&SUPD_DBS=MYSQL&XE=N&CLIENT_SITE=uc.tatem.ru&LICENSE_KEY=X&SUPD_STS=1&SUPD_URS=0&TYPENC=E&CLIENT_PHPVER=8.1.27&NGINX=Y&dbv=8.0.36&instm=main%2C24.200.200%2CN%3Bb24connector%2C24.0.0%2CN%3Bbitrix.sitecorporate%2C24.0.0%2CN%3Bbitrixcloud%2C24.100.0%2CN%3Bclouds%2C24.400.0%2CN%3Bfileman%2C24.300.0%2CN%3Bhighloadblock%2C24.0.201%2CN%3Biblock%2C24.100.200%2CN%3Blanding%2C24.600.0%2CN%3Blocation%2C24.200.0%2CN%3Bmessageservice%2C24.700.0%2CN%3Bperfmon%2C24.100.0%2CN%3Brest%2C24.550.100%2CN%3Bsearch%2C24.0.0%2CN%3Bsecurity%2C24.0.100%2CN%3Bseo%2C24.400.0%2CN%3Bsocialservices%2C24.0.200%2CN%3Btranslate%2C24.100.0%2CN%3Bui%2C24.800.0%2CN%3Bsimai.educenter%2C1.3.3%2CN%3Bsimai.complexprop%2C1.5.0%2CN&reqm=bitrix.sitecorporate%2Csimai.educenter%2Csimai.complexprop&fullmoduleinfo=Y&SUPD_SRS=RU&SUPD_CMP=N
2025-03-03 07:20:03 -  - exec CUpdateClientPartner::GetHTTPPage
2025-03-03 07:20:03 -  - utf=Y&lang=ru&stable=Y&CANGZIP=Y&SUPD_DBS=MYSQL&XE=N&CLIENT_SITE=uc.tatem.ru&LICENSE_KEY=X&SUPD_STS=1&SUPD_URS=0&TYPENC=E&CLIENT_PHPVER=8.1.27&NGINX=Y&dbv=8.0.36&instm=main%2C24.200.200%2CN%3Bb24connector%2C24.0.0%2CN%3Bbitrix.sitecorporate%2C24.0.0%2CN%3Bbitrixcloud%2C24.100.0%2CN%3Bclouds%2C24.400.0%2CN%3Bfileman%2C24.300.0%2CN%3Bhighloadblock%2C24.0.201%2CN%3Biblock%2C24.100.200%2CN%3Blanding%2C24.600.0%2CN%3Blocation%2C24.200.0%2CN%3Bmessageservice%2C24.700.0%2CN%3Bperfmon%2C24.100.0%2CN%3Brest%2C24.550.100%2CN%3Bsearch%2C24.0.0%2CN%3Bsecurity%2C24.0.100%2CN%3Bseo%2C24.400.0%2CN%3Bsocialservices%2C24.0.200%2CN%3Btranslate%2C24.100.0%2CN%3Bui%2C24.800.0%2CN%3Bsimai.educenter%2C1.3.3%2CN%3Bsimai.complexprop%2C1.5.0%2CN&reqm=bitrix.sitecorporate%2Csimai.educenter%2Csimai.complexprop&fullmoduleinfo=Y&SUPD_SRS=RU&SUPD_CMP=N
2025-03-03 07:20:03 -  - exec CUpdateClientPartner::GetHTTPPage
2025-03-03 07:20:03 -  - TIME GetUpdatesList(request) 0.179 sec
2025-03-03 07:20:03 -  - exec CUpdateClientPartner::ParseServerData
2025-03-03 07:20:03 -  - exec CUpdateClientPartner::__CollectRequestData
2025-03-03 07:20:03 -  - TIME GetUpdatesList(request) 0.185 sec
2025-03-03 07:20:03 -  - exec CUpdateClientPartner::ParseServerData
2025-03-03 07:20:03 -  - exec CUpdateClientPartner::GetHTTPPage
2025-03-03 07:20:03 -  - exec CUpdateClientPartner::__CollectRequestData
2025-03-03 07:20:03 -  - exec CUpdateClientPartner::GetHTTPPage
2025-03-03 07:20:03 -  - exec CUpdateClientPartner::ParseServerData
2025-03-03 07:20:03 -  - exec CUpdateClientPartner::ParseServerData
2025-03-18 11:06:02 -  - exec CUpdateClientPartner::__CollectRequestData
2025-03-18 11:06:02 -  - exec CUpdateClientPartner::GetHTTPPage
2025-03-18 11:06:02 -  - exec CUpdateClientPartner::ParseServerData
2025-03-18 11:06:02 -  - exec CUpdateClientPartner::GetUpdatesList
2025-03-18 11:06:02 -  - exec CUpdateClientPartner::__CollectRequestData
2025-03-18 11:06:02 -  - utf=Y&lang=ru&stable=Y&CANGZIP=Y&SUPD_DBS=MYSQL&XE=N&CLIENT_SITE=uc.tatem.ru&LICENSE_KEY=X&SUPD_STS=1&SUPD_URS=0&TYPENC=E&CLIENT_PHPVER=8.1.27&NGINX=Y&dbv=8.0.36&instm=main%2C24.200.200%2CN%3Bb24connector%2C24.0.0%2CN%3Bbitrix.sitecorporate%2C24.0.0%2CN%3Bbitrixcloud%2C24.100.0%2CN%3Bclouds%2C24.400.0%2CN%3Bfileman%2C24.300.0%2CN%3Bhighloadblock%2C24.0.201%2CN%3Biblock%2C24.100.200%2CN%3Blanding%2C24.600.0%2CN%3Blocation%2C24.200.0%2CN%3Bmessageservice%2C24.700.0%2CN%3Bperfmon%2C24.100.0%2CN%3Brest%2C24.550.100%2CN%3Bsearch%2C24.0.0%2CN%3Bsecurity%2C24.0.100%2CN%3Bseo%2C24.400.0%2CN%3Bsocialservices%2C24.0.200%2CN%3Btranslate%2C24.100.0%2CN%3Bui%2C24.800.0%2CN%3Bsimai.educenter%2C1.3.3%2CN%3Bsimai.complexprop%2C1.5.0%2CN&reqm=bitrix.sitecorporate%2Csimai.educenter%2Csimai.complexprop&fullmoduleinfo=Y&SUPD_SRS=RU&SUPD_CMP=N
2025-03-18 11:06:02 -  - exec CUpdateClientPartner::GetHTTPPage
2025-03-18 11:06:03 -  - TIME GetUpdatesList(request) 0.375 sec
2025-03-18 11:06:03 -  - exec CUpdateClientPartner::ParseServerData
2025-03-18 11:06:03 -  - exec CUpdateClientPartner::__CollectRequestData
2025-03-18 11:06:03 -  - exec CUpdateClientPartner::GetHTTPPage
2025-03-18 11:06:03 -  - exec CUpdateClientPartner::ParseServerData
2025-03-19 12:36:33 -  - exec CUpdateClientPartner::__CollectRequestData
2025-03-19 12:36:33 -  - exec CUpdateClientPartner::GetHTTPPage
2025-03-19 12:36:33 -  - exec CUpdateClientPartner::ParseServerData
2025-03-19 12:36:33 -  - exec CUpdateClientPartner::GetUpdatesList
2025-03-19 12:36:33 -  - exec CUpdateClientPartner::__CollectRequestData
2025-03-19 12:36:33 -  - utf=Y&lang=ru&stable=Y&CANGZIP=Y&SUPD_DBS=MYSQL&XE=N&CLIENT_SITE=uc.tatem.ru&LICENSE_KEY=X&SUPD_STS=1&SUPD_URS=0&TYPENC=E&CLIENT_PHPVER=8.1.27&NGINX=Y&dbv=8.0.36&instm=main%2C24.200.200%2CN%3Bb24connector%2C24.0.0%2CN%3Bbitrix.sitecorporate%2C24.0.0%2CN%3Bbitrixcloud%2C24.100.0%2CN%3Bclouds%2C24.400.0%2CN%3Bfileman%2C24.300.0%2CN%3Bhighloadblock%2C24.0.201%2CN%3Biblock%2C24.100.200%2CN%3Blanding%2C24.600.0%2CN%3Blocation%2C24.200.0%2CN%3Bmessageservice%2C24.700.0%2CN%3Bperfmon%2C24.100.0%2CN%3Brest%2C24.550.100%2CN%3Bsearch%2C24.0.0%2CN%3Bsecurity%2C24.0.100%2CN%3Bseo%2C24.400.0%2CN%3Bsocialservices%2C24.0.200%2CN%3Btranslate%2C24.100.0%2CN%3Bui%2C24.800.0%2CN%3Bsimai.educenter%2C1.3.3%2CN%3Bsimai.complexprop%2C1.5.0%2CN&reqm=bitrix.sitecorporate%2Csimai.educenter%2Csimai.complexprop&fullmoduleinfo=Y&SUPD_SRS=RU&SUPD_CMP=N
2025-03-19 12:36:33 -  - exec CUpdateClientPartner::GetHTTPPage
2025-03-19 12:36:33 -  - TIME GetUpdatesList(request) 0.163 sec
2025-03-19 12:36:33 -  - exec CUpdateClientPartner::ParseServerData
2025-03-19 12:36:33 -  - exec CUpdateClientPartner::__CollectRequestData
2025-03-19 12:36:33 -  - exec CUpdateClientPartner::GetHTTPPage
2025-03-19 12:36:34 -  - exec CUpdateClientPartner::ParseServerData
2025-03-24 07:41:41 -  - exec CUpdateClientPartner::__CollectRequestData
2025-03-24 07:41:41 -  - exec CUpdateClientPartner::GetHTTPPage
2025-03-24 07:41:41 -  - exec CUpdateClientPartner::ParseServerData
2025-03-24 07:41:41 -  - exec CUpdateClientPartner::GetUpdatesList
2025-03-24 07:41:41 -  - exec CUpdateClientPartner::__CollectRequestData
2025-03-24 07:41:41 -  - utf=Y&lang=ru&stable=Y&CANGZIP=Y&SUPD_DBS=MYSQL&XE=N&CLIENT_SITE=uc.tatem.ru&LICENSE_KEY=X&SUPD_STS=1&SUPD_URS=0&TYPENC=E&CLIENT_PHPVER=8.1.27&NGINX=Y&dbv=8.0.36&instm=main%2C24.200.200%2CN%3Bb24connector%2C24.0.0%2CN%3Bbitrix.sitecorporate%2C24.0.0%2CN%3Bbitrixcloud%2C24.100.0%2CN%3Bclouds%2C24.400.0%2CN%3Bfileman%2C24.300.0%2CN%3Bhighloadblock%2C24.0.201%2CN%3Biblock%2C24.100.200%2CN%3Blanding%2C24.600.0%2CN%3Blocation%2C24.200.0%2CN%3Bmessageservice%2C24.700.0%2CN%3Bperfmon%2C24.100.0%2CN%3Brest%2C24.550.100%2CN%3Bsearch%2C24.0.0%2CN%3Bsecurity%2C24.0.100%2CN%3Bseo%2C24.400.0%2CN%3Bsocialservices%2C24.0.200%2CN%3Btranslate%2C24.100.0%2CN%3Bui%2C24.800.0%2CN%3Bsimai.educenter%2C1.3.3%2CN%3Bsimai.complexprop%2C1.5.0%2CN&reqm=bitrix.sitecorporate%2Csimai.educenter%2Csimai.complexprop&fullmoduleinfo=Y&SUPD_SRS=RU&SUPD_CMP=N
2025-03-24 07:41:41 -  - exec CUpdateClientPartner::GetHTTPPage
2025-03-24 07:41:41 -  - TIME GetUpdatesList(request) 0.116 sec
2025-03-24 07:41:41 -  - exec CUpdateClientPartner::ParseServerData
2025-03-24 07:41:41 -  - exec CUpdateClientPartner::__CollectRequestData
2025-03-24 07:41:41 -  - exec CUpdateClientPartner::GetHTTPPage
2025-03-24 07:41:41 -  - exec CUpdateClientPartner::ParseServerData
2025-04-12 06:34:28 -  - exec CUpdateClientPartner::__CollectRequestData
2025-04-12 06:34:28 -  - exec CUpdateClientPartner::GetHTTPPage
2025-04-12 06:34:28 -  - exec CUpdateClientPartner::ParseServerData
2025-04-12 06:34:28 -  - exec CUpdateClientPartner::GetUpdatesList
2025-04-12 06:34:28 -  - exec CUpdateClientPartner::__CollectRequestData
2025-04-12 06:34:28 -  - utf=Y&lang=ru&stable=Y&CANGZIP=Y&SUPD_DBS=MYSQL&XE=N&CLIENT_SITE=uc.tatem.ru&LICENSE_KEY=X&SUPD_STS=1&SUPD_URS=0&TYPENC=E&CLIENT_PHPVER=8.1.27&NGINX=Y&dbv=8.0.36&instm=main%2C24.200.200%2CN%3Bb24connector%2C24.0.0%2CN%3Bbitrix.sitecorporate%2C24.0.0%2CN%3Bbitrixcloud%2C24.100.0%2CN%3Bclouds%2C24.400.0%2CN%3Bfileman%2C24.300.0%2CN%3Bhighloadblock%2C24.0.201%2CN%3Biblock%2C24.100.200%2CN%3Blanding%2C24.600.0%2CN%3Blocation%2C24.200.0%2CN%3Bmessageservice%2C24.700.0%2CN%3Bperfmon%2C24.100.0%2CN%3Brest%2C24.550.100%2CN%3Bsearch%2C24.0.0%2CN%3Bsecurity%2C24.0.100%2CN%3Bseo%2C24.400.0%2CN%3Bsocialservices%2C24.0.200%2CN%3Btranslate%2C24.100.0%2CN%3Bui%2C24.800.0%2CN%3Bsimai.educenter%2C1.3.3%2CN%3Bsimai.complexprop%2C1.5.0%2CN&reqm=bitrix.sitecorporate%2Csimai.educenter%2Csimai.complexprop&fullmoduleinfo=Y&SUPD_SRS=RU&SUPD_CMP=N
2025-04-12 06:34:28 -  - exec CUpdateClientPartner::GetHTTPPage
2025-04-12 06:34:28 -  - TIME GetUpdatesList(request) 0.13 sec
2025-04-12 06:34:28 -  - exec CUpdateClientPartner::ParseServerData
2025-04-12 06:34:28 -  - exec CUpdateClientPartner::__CollectRequestData
2025-04-12 06:34:28 -  - exec CUpdateClientPartner::GetHTTPPage
2025-04-12 06:34:28 -  - exec CUpdateClientPartner::ParseServerData
2025-04-14 08:47:12 -  - exec CUpdateClientPartner::__CollectRequestData
2025-04-14 08:47:12 -  - exec CUpdateClientPartner::GetHTTPPage
2025-04-14 08:47:12 -  - exec CUpdateClientPartner::ParseServerData
2025-04-14 08:47:12 -  - exec CUpdateClientPartner::GetUpdatesList
2025-04-14 08:47:12 -  - exec CUpdateClientPartner::__CollectRequestData
2025-04-14 08:47:12 -  - utf=Y&lang=ru&stable=Y&CANGZIP=Y&SUPD_DBS=MYSQL&XE=N&CLIENT_SITE=uc.tatem.ru&LICENSE_KEY=X&SUPD_STS=1&SUPD_URS=0&TYPENC=E&CLIENT_PHPVER=8.1.27&NGINX=Y&dbv=8.0.36&instm=main%2C24.200.200%2CN%3Bb24connector%2C24.0.0%2CN%3Bbitrix.sitecorporate%2C24.0.0%2CN%3Bbitrixcloud%2C24.100.0%2CN%3Bclouds%2C24.400.0%2CN%3Bfileman%2C24.300.0%2CN%3Bhighloadblock%2C24.0.201%2CN%3Biblock%2C24.100.200%2CN%3Blanding%2C24.600.0%2CN%3Blocation%2C24.200.0%2CN%3Bmessageservice%2C24.700.0%2CN%3Bperfmon%2C24.100.0%2CN%3Brest%2C24.550.100%2CN%3Bsearch%2C24.0.0%2CN%3Bsecurity%2C24.0.100%2CN%3Bseo%2C24.400.0%2CN%3Bsocialservices%2C24.0.200%2CN%3Btranslate%2C24.100.0%2CN%3Bui%2C24.800.0%2CN%3Bsimai.educenter%2C1.3.3%2CN%3Bsimai.complexprop%2C1.5.0%2CN&reqm=bitrix.sitecorporate%2Csimai.educenter%2Csimai.complexprop&fullmoduleinfo=Y&SUPD_SRS=RU&SUPD_CMP=N
2025-04-14 08:47:12 -  - exec CUpdateClientPartner::GetHTTPPage
2025-04-14 08:47:12 -  - TIME GetUpdatesList(request) 0.177 sec
2025-04-14 08:47:12 -  - exec CUpdateClientPartner::ParseServerData
2025-04-14 08:47:12 -  - exec CUpdateClientPartner::__CollectRequestData
2025-04-14 08:47:12 -  - exec CUpdateClientPartner::GetHTTPPage
2025-04-14 08:47:12 -  - exec CUpdateClientPartner::ParseServerData
2025-04-15 12:51:48 -  - exec CUpdateClientPartner::__CollectRequestData
2025-04-15 12:51:48 -  - exec CUpdateClientPartner::GetHTTPPage
2025-04-15 12:51:48 -  - exec CUpdateClientPartner::ParseServerData
2025-04-15 12:51:48 -  - exec CUpdateClientPartner::GetUpdatesList
2025-04-15 12:51:48 -  - exec CUpdateClientPartner::__CollectRequestData
2025-04-15 12:51:48 -  - utf=Y&lang=ru&stable=Y&CANGZIP=Y&SUPD_DBS=MYSQL&XE=N&CLIENT_SITE=uc.tatem.ru&LICENSE_KEY=X&SUPD_STS=1&SUPD_URS=0&TYPENC=E&CLIENT_PHPVER=8.1.27&NGINX=Y&dbv=8.0.36&instm=main%2C24.200.200%2CN%3Bb24connector%2C24.0.0%2CN%3Bbitrix.sitecorporate%2C24.0.0%2CN%3Bbitrixcloud%2C24.100.0%2CN%3Bclouds%2C24.400.0%2CN%3Bfileman%2C24.300.0%2CN%3Bhighloadblock%2C24.0.201%2CN%3Biblock%2C24.100.200%2CN%3Blanding%2C24.600.0%2CN%3Blocation%2C24.200.0%2CN%3Bmessageservice%2C24.700.0%2CN%3Bperfmon%2C24.100.0%2CN%3Brest%2C24.550.100%2CN%3Bsearch%2C24.0.0%2CN%3Bsecurity%2C24.0.100%2CN%3Bseo%2C24.400.0%2CN%3Bsocialservices%2C24.0.200%2CN%3Btranslate%2C24.100.0%2CN%3Bui%2C24.800.0%2CN%3Bsimai.educenter%2C1.3.3%2CN%3Bsimai.complexprop%2C1.5.0%2CN&reqm=bitrix.sitecorporate%2Csimai.educenter%2Csimai.complexprop&fullmoduleinfo=Y&SUPD_SRS=RU&SUPD_CMP=N
2025-04-15 12:51:48 -  - exec CUpdateClientPartner::GetHTTPPage
2025-04-15 12:51:49 -  - TIME GetUpdatesList(request) 0.151 sec
2025-04-15 12:51:49 -  - exec CUpdateClientPartner::ParseServerData
2025-04-15 12:51:49 -  - exec CUpdateClientPartner::__CollectRequestData
2025-04-15 12:51:49 -  - exec CUpdateClientPartner::GetHTTPPage
2025-04-15 12:51:49 -  - exec CUpdateClientPartner::ParseServerData
2025-04-23 14:11:47 -  - exec CUpdateClientPartner::__CollectRequestData
2025-04-23 14:11:47 -  - exec CUpdateClientPartner::GetHTTPPage
2025-04-23 14:11:47 -  - exec CUpdateClientPartner::ParseServerData
2025-04-23 14:11:47 -  - exec CUpdateClientPartner::GetUpdatesList
2025-04-23 14:11:47 -  - exec CUpdateClientPartner::__CollectRequestData
2025-04-23 14:11:47 -  - utf=Y&lang=ru&stable=Y&CANGZIP=Y&SUPD_DBS=MYSQL&XE=N&CLIENT_SITE=uc.tatem.ru&LICENSE_KEY=X&SUPD_STS=1&SUPD_URS=0&TYPENC=E&CLIENT_PHPVER=8.1.27&NGINX=Y&dbv=8.0.36&instm=main%2C24.200.200%2CN%3Bb24connector%2C24.0.0%2CN%3Bbitrix.sitecorporate%2C24.0.0%2CN%3Bbitrixcloud%2C24.100.0%2CN%3Bclouds%2C24.400.0%2CN%3Bfileman%2C24.300.0%2CN%3Bhighloadblock%2C24.0.201%2CN%3Biblock%2C24.100.200%2CN%3Blanding%2C24.600.0%2CN%3Blocation%2C24.200.0%2CN%3Bmessageservice%2C24.700.0%2CN%3Bperfmon%2C24.100.0%2CN%3Brest%2C24.550.100%2CN%3Bsearch%2C24.0.0%2CN%3Bsecurity%2C24.0.100%2CN%3Bseo%2C24.400.0%2CN%3Bsocialservices%2C24.0.200%2CN%3Btranslate%2C24.100.0%2CN%3Bui%2C24.800.0%2CN%3Bsimai.educenter%2C1.3.3%2CN%3Bsimai.complexprop%2C1.5.0%2CN&reqm=bitrix.sitecorporate%2Csimai.educenter%2Csimai.complexprop&fullmoduleinfo=Y&SUPD_SRS=RU&SUPD_CMP=N
2025-04-23 14:11:47 -  - exec CUpdateClientPartner::GetHTTPPage
2025-04-23 14:11:47 -  - TIME GetUpdatesList(request) 0.145 sec
2025-04-23 14:11:47 -  - exec CUpdateClientPartner::ParseServerData
2025-04-23 14:11:47 -  - exec CUpdateClientPartner::__CollectRequestData
2025-04-23 14:11:47 -  - exec CUpdateClientPartner::GetHTTPPage
2025-04-23 14:11:48 -  - exec CUpdateClientPartner::ParseServerData
2025-04-29 08:06:57 -  - exec CUpdateClientPartner::__CollectRequestData
2025-04-29 08:06:57 -  - exec CUpdateClientPartner::GetHTTPPage
2025-04-29 08:06:58 -  - exec CUpdateClientPartner::ParseServerData
2025-04-29 08:06:58 -  - exec CUpdateClientPartner::GetUpdatesList
2025-04-29 08:06:58 -  - exec CUpdateClientPartner::__CollectRequestData
2025-04-29 08:06:58 -  - utf=Y&lang=ru&stable=Y&CANGZIP=Y&SUPD_DBS=MYSQL&XE=N&CLIENT_SITE=uc.tatem.ru&LICENSE_KEY=X&SUPD_STS=1&SUPD_URS=0&TYPENC=E&CLIENT_PHPVER=8.1.27&NGINX=Y&dbv=8.0.36&instm=main%2C24.200.200%2CN%3Bb24connector%2C24.0.0%2CN%3Bbitrix.sitecorporate%2C24.0.0%2CN%3Bbitrixcloud%2C24.100.0%2CN%3Bclouds%2C24.400.0%2CN%3Bfileman%2C24.300.0%2CN%3Bhighloadblock%2C24.0.201%2CN%3Biblock%2C24.100.200%2CN%3Blanding%2C24.600.0%2CN%3Blocation%2C24.200.0%2CN%3Bmessageservice%2C24.700.0%2CN%3Bperfmon%2C24.100.0%2CN%3Brest%2C24.550.100%2CN%3Bsearch%2C24.0.0%2CN%3Bsecurity%2C24.0.100%2CN%3Bseo%2C24.400.0%2CN%3Bsocialservices%2C24.0.200%2CN%3Btranslate%2C24.100.0%2CN%3Bui%2C24.800.0%2CN%3Bsimai.educenter%2C1.3.3%2CN%3Bsimai.complexprop%2C1.5.0%2CN&reqm=bitrix.sitecorporate%2Csimai.educenter%2Csimai.complexprop&fullmoduleinfo=Y&SUPD_SRS=RU&SUPD_CMP=N
2025-04-29 08:06:58 -  - exec CUpdateClientPartner::GetHTTPPage
2025-04-29 08:06:58 -  - TIME GetUpdatesList(request) 0.115 sec
2025-04-29 08:06:58 -  - exec CUpdateClientPartner::ParseServerData
2025-04-29 08:06:58 -  - exec CUpdateClientPartner::__CollectRequestData
2025-04-29 08:06:58 -  - exec CUpdateClientPartner::GetHTTPPage
2025-04-29 08:06:58 -  - exec CUpdateClientPartner::ParseServerData
2025-04-30 13:22:01 -  - exec CUpdateClientPartner::__CollectRequestData
2025-04-30 13:22:01 -  - exec CUpdateClientPartner::GetHTTPPage
2025-04-30 13:22:02 -  - exec CUpdateClientPartner::ParseServerData
2025-04-30 13:22:02 -  - exec CUpdateClientPartner::GetUpdatesList
2025-04-30 13:22:02 -  - exec CUpdateClientPartner::__CollectRequestData
2025-04-30 13:22:02 -  - utf=Y&lang=ru&stable=Y&CANGZIP=Y&SUPD_DBS=MYSQL&XE=N&CLIENT_SITE=uc.tatem.ru&LICENSE_KEY=X&SUPD_STS=1&SUPD_URS=0&TYPENC=E&CLIENT_PHPVER=8.1.27&NGINX=Y&dbv=8.0.36&instm=main%2C24.200.200%2CN%3Bb24connector%2C24.0.0%2CN%3Bbitrix.sitecorporate%2C24.0.0%2CN%3Bbitrixcloud%2C24.100.0%2CN%3Bclouds%2C24.400.0%2CN%3Bfileman%2C24.300.0%2CN%3Bhighloadblock%2C24.0.201%2CN%3Biblock%2C24.100.200%2CN%3Blanding%2C24.600.0%2CN%3Blocation%2C24.200.0%2CN%3Bmessageservice%2C24.700.0%2CN%3Bperfmon%2C24.100.0%2CN%3Brest%2C24.550.100%2CN%3Bsearch%2C24.0.0%2CN%3Bsecurity%2C24.0.100%2CN%3Bseo%2C24.400.0%2CN%3Bsocialservices%2C24.0.200%2CN%3Btranslate%2C24.100.0%2CN%3Bui%2C24.800.0%2CN%3Bsimai.educenter%2C1.3.3%2CN%3Bsimai.complexprop%2C1.5.0%2CN&reqm=bitrix.sitecorporate%2Csimai.educenter%2Csimai.complexprop&fullmoduleinfo=Y&SUPD_SRS=RU&SUPD_CMP=N
2025-04-30 13:22:02 -  - exec CUpdateClientPartner::GetHTTPPage
2025-04-30 13:22:02 -  - TIME GetUpdatesList(request) 0.361 sec
2025-04-30 13:22:02 -  - exec CUpdateClientPartner::ParseServerData
2025-04-30 13:22:02 -  - exec CUpdateClientPartner::__CollectRequestData
2025-04-30 13:22:02 -  - exec CUpdateClientPartner::GetHTTPPage
2025-04-30 13:22:02 -  - exec CUpdateClientPartner::ParseServerData
2025-05-05 08:03:22 -  - exec CUpdateClientPartner::__CollectRequestData
2025-05-05 08:03:22 -  - exec CUpdateClientPartner::GetHTTPPage
2025-05-05 08:03:23 -  - exec CUpdateClientPartner::ParseServerData
2025-05-05 08:03:23 -  - exec CUpdateClientPartner::GetUpdatesList
2025-05-05 08:03:23 -  - exec CUpdateClientPartner::__CollectRequestData
2025-05-05 08:03:23 -  - utf=Y&lang=ru&stable=Y&CANGZIP=Y&SUPD_DBS=MYSQL&XE=N&CLIENT_SITE=uc.tatem.ru&LICENSE_KEY=X&SUPD_STS=1&SUPD_URS=0&TYPENC=E&CLIENT_PHPVER=8.1.27&NGINX=Y&dbv=8.0.36&instm=main%2C24.200.200%2CN%3Bb24connector%2C24.0.0%2CN%3Bbitrix.sitecorporate%2C24.0.0%2CN%3Bbitrixcloud%2C24.100.0%2CN%3Bclouds%2C24.400.0%2CN%3Bfileman%2C24.300.0%2CN%3Bhighloadblock%2C24.0.201%2CN%3Biblock%2C24.100.200%2CN%3Blanding%2C24.600.0%2CN%3Blocation%2C24.200.0%2CN%3Bmessageservice%2C24.700.0%2CN%3Bperfmon%2C24.100.0%2CN%3Brest%2C24.550.100%2CN%3Bsearch%2C24.0.0%2CN%3Bsecurity%2C24.0.100%2CN%3Bseo%2C24.400.0%2CN%3Bsocialservices%2C24.0.200%2CN%3Btranslate%2C24.100.0%2CN%3Bui%2C24.800.0%2CN%3Bsimai.educenter%2C1.3.3%2CN%3Bsimai.complexprop%2C1.5.0%2CN&reqm=bitrix.sitecorporate%2Csimai.educenter%2Csimai.complexprop&fullmoduleinfo=Y&SUPD_SRS=RU&SUPD_CMP=N
2025-05-05 08:03:23 -  - exec CUpdateClientPartner::GetHTTPPage
2025-05-05 08:03:23 -  - TIME GetUpdatesList(request) 0.155 sec
2025-05-05 08:03:23 -  - exec CUpdateClientPartner::ParseServerData
2025-05-05 08:03:23 -  - exec CUpdateClientPartner::__CollectRequestData
2025-05-05 08:03:23 -  - exec CUpdateClientPartner::GetHTTPPage
2025-05-05 08:03:23 -  - exec CUpdateClientPartner::ParseServerData
2025-05-06 09:56:20 -  - exec CUpdateClientPartner::__CollectRequestData
2025-05-06 09:56:20 -  - exec CUpdateClientPartner::GetHTTPPage
2025-05-06 09:56:21 -  - exec CUpdateClientPartner::ParseServerData
2025-05-06 09:56:21 -  - exec CUpdateClientPartner::GetUpdatesList
2025-05-06 09:56:21 -  - exec CUpdateClientPartner::__CollectRequestData
2025-05-06 09:56:21 -  - utf=Y&lang=ru&stable=Y&CANGZIP=Y&SUPD_DBS=MYSQL&XE=N&CLIENT_SITE=uc.tatem.ru&LICENSE_KEY=X&SUPD_STS=1&SUPD_URS=0&TYPENC=E&CLIENT_PHPVER=8.1.27&NGINX=Y&dbv=8.0.36&instm=main%2C24.200.200%2CN%3Bb24connector%2C24.0.0%2CN%3Bbitrix.sitecorporate%2C24.0.0%2CN%3Bbitrixcloud%2C24.100.0%2CN%3Bclouds%2C24.400.0%2CN%3Bfileman%2C24.300.0%2CN%3Bhighloadblock%2C24.0.201%2CN%3Biblock%2C24.100.200%2CN%3Blanding%2C24.600.0%2CN%3Blocation%2C24.200.0%2CN%3Bmessageservice%2C24.700.0%2CN%3Bperfmon%2C24.100.0%2CN%3Brest%2C24.550.100%2CN%3Bsearch%2C24.0.0%2CN%3Bsecurity%2C24.0.100%2CN%3Bseo%2C24.400.0%2CN%3Bsocialservices%2C24.0.200%2CN%3Btranslate%2C24.100.0%2CN%3Bui%2C24.800.0%2CN%3Bsimai.educenter%2C1.3.3%2CN%3Bsimai.complexprop%2C1.5.0%2CN&reqm=bitrix.sitecorporate%2Csimai.educenter%2Csimai.complexprop&fullmoduleinfo=Y&SUPD_SRS=RU&SUPD_CMP=N
2025-05-06 09:56:21 -  - exec CUpdateClientPartner::GetHTTPPage
2025-05-06 09:56:21 -  - TIME GetUpdatesList(request) 0.162 sec
2025-05-06 09:56:21 -  - exec CUpdateClientPartner::ParseServerData
2025-05-06 09:56:21 -  - exec CUpdateClientPartner::__CollectRequestData
2025-05-06 09:56:21 -  - exec CUpdateClientPartner::GetHTTPPage
2025-05-06 09:56:21 -  - exec CUpdateClientPartner::ParseServerData
2025-05-09 19:44:50 -  - exec CUpdateClientPartner::__CollectRequestData
2025-05-09 19:44:50 -  - exec CUpdateClientPartner::GetHTTPPage
2025-05-09 19:44:50 -  - exec CUpdateClientPartner::ParseServerData
2025-05-09 19:44:50 -  - exec CUpdateClientPartner::GetUpdatesList
2025-05-09 19:44:50 -  - exec CUpdateClientPartner::__CollectRequestData
2025-05-09 19:44:50 -  - utf=Y&lang=ru&stable=Y&CANGZIP=Y&SUPD_DBS=MYSQL&XE=N&CLIENT_SITE=uc.tatem.ru&LICENSE_KEY=X&SUPD_STS=1&SUPD_URS=0&TYPENC=E&CLIENT_PHPVER=8.1.27&NGINX=Y&dbv=8.0.36&instm=main%2C24.200.200%2CN%3Bb24connector%2C24.0.0%2CN%3Bbitrix.sitecorporate%2C24.0.0%2CN%3Bbitrixcloud%2C24.100.0%2CN%3Bclouds%2C24.400.0%2CN%3Bfileman%2C24.300.0%2CN%3Bhighloadblock%2C24.0.201%2CN%3Biblock%2C24.100.200%2CN%3Blanding%2C24.600.0%2CN%3Blocation%2C24.200.0%2CN%3Bmessageservice%2C24.700.0%2CN%3Bperfmon%2C24.100.0%2CN%3Brest%2C24.550.100%2CN%3Bsearch%2C24.0.0%2CN%3Bsecurity%2C24.0.100%2CN%3Bseo%2C24.400.0%2CN%3Bsocialservices%2C24.0.200%2CN%3Btranslate%2C24.100.0%2CN%3Bui%2C24.800.0%2CN%3Bsimai.educenter%2C1.3.3%2CN%3Bsimai.complexprop%2C1.5.0%2CN&reqm=bitrix.sitecorporate%2Csimai.educenter%2Csimai.complexprop&fullmoduleinfo=Y&SUPD_SRS=RU&SUPD_CMP=N
2025-05-09 19:44:50 -  - exec CUpdateClientPartner::GetHTTPPage
2025-05-09 19:44:51 -  - TIME GetUpdatesList(request) 0.113 sec
2025-05-09 19:44:51 -  - exec CUpdateClientPartner::ParseServerData
2025-05-09 19:44:51 -  - exec CUpdateClientPartner::__CollectRequestData
2025-05-09 19:44:51 -  - exec CUpdateClientPartner::GetHTTPPage
2025-05-09 19:44:51 -  - exec CUpdateClientPartner::ParseServerData
2025-05-12 13:27:03 -  - exec CUpdateClientPartner::__CollectRequestData
2025-05-12 13:27:03 -  - exec CUpdateClientPartner::GetHTTPPage
2025-05-12 13:27:03 -  - exec CUpdateClientPartner::ParseServerData
2025-05-12 13:27:03 -  - exec CUpdateClientPartner::GetUpdatesList
2025-05-12 13:27:03 -  - exec CUpdateClientPartner::__CollectRequestData
2025-05-12 13:27:03 -  - utf=Y&lang=ru&stable=Y&CANGZIP=Y&SUPD_DBS=MYSQL&XE=N&CLIENT_SITE=uc.tatem.ru&LICENSE_KEY=X&SUPD_STS=1&SUPD_URS=0&TYPENC=E&CLIENT_PHPVER=8.1.27&NGINX=Y&dbv=8.0.36&instm=main%2C24.200.200%2CN%3Bb24connector%2C24.0.0%2CN%3Bbitrix.sitecorporate%2C24.0.0%2CN%3Bbitrixcloud%2C24.100.0%2CN%3Bclouds%2C24.400.0%2CN%3Bfileman%2C24.300.0%2CN%3Bhighloadblock%2C24.0.201%2CN%3Biblock%2C24.100.200%2CN%3Blanding%2C24.600.0%2CN%3Blocation%2C24.200.0%2CN%3Bmessageservice%2C24.700.0%2CN%3Bperfmon%2C24.100.0%2CN%3Brest%2C24.550.100%2CN%3Bsearch%2C24.0.0%2CN%3Bsecurity%2C24.0.100%2CN%3Bseo%2C24.400.0%2CN%3Bsocialservices%2C24.0.200%2CN%3Btranslate%2C24.100.0%2CN%3Bui%2C24.800.0%2CN%3Bsimai.educenter%2C1.3.3%2CN%3Bsimai.complexprop%2C1.5.0%2CN&reqm=bitrix.sitecorporate%2Csimai.educenter%2Csimai.complexprop&fullmoduleinfo=Y&SUPD_SRS=RU&SUPD_CMP=N
2025-05-12 13:27:03 -  - exec CUpdateClientPartner::GetHTTPPage
2025-05-12 13:27:03 -  - TIME GetUpdatesList(request) 0.146 sec
2025-05-12 13:27:03 -  - exec CUpdateClientPartner::ParseServerData
2025-05-12 13:27:03 -  - exec CUpdateClientPartner::__CollectRequestData
2025-05-12 13:27:03 -  - exec CUpdateClientPartner::GetHTTPPage
2025-05-12 13:27:03 -  - exec CUpdateClientPartner::ParseServerData
2025-05-14 10:55:18 -  - exec CUpdateClientPartner::__CollectRequestData
2025-05-14 10:55:18 -  - exec CUpdateClientPartner::GetHTTPPage
2025-05-14 10:55:18 -  - exec CUpdateClientPartner::ParseServerData
2025-05-14 10:55:18 -  - exec CUpdateClientPartner::GetUpdatesList
2025-05-14 10:55:18 -  - exec CUpdateClientPartner::__CollectRequestData
2025-05-14 10:55:18 -  - utf=Y&lang=ru&stable=Y&CANGZIP=Y&SUPD_DBS=MYSQL&XE=N&CLIENT_SITE=uc.tatem.ru&LICENSE_KEY=X&SUPD_STS=1&SUPD_URS=0&TYPENC=E&CLIENT_PHPVER=8.1.27&NGINX=Y&dbv=8.0.36&instm=main%2C24.200.200%2CN%3Bb24connector%2C24.0.0%2CN%3Bbitrix.sitecorporate%2C24.0.0%2CN%3Bbitrixcloud%2C24.100.0%2CN%3Bclouds%2C24.400.0%2CN%3Bfileman%2C24.300.0%2CN%3Bhighloadblock%2C24.0.201%2CN%3Biblock%2C24.100.200%2CN%3Blanding%2C24.600.0%2CN%3Blocation%2C24.200.0%2CN%3Bmessageservice%2C24.700.0%2CN%3Bperfmon%2C24.100.0%2CN%3Brest%2C24.550.100%2CN%3Bsearch%2C24.0.0%2CN%3Bsecurity%2C24.0.100%2CN%3Bseo%2C24.400.0%2CN%3Bsocialservices%2C24.0.200%2CN%3Btranslate%2C24.100.0%2CN%3Bui%2C24.800.0%2CN%3Bsimai.educenter%2C1.3.3%2CN%3Bsimai.complexprop%2C1.5.0%2CN&reqm=bitrix.sitecorporate%2Csimai.educenter%2Csimai.complexprop&fullmoduleinfo=Y&SUPD_SRS=RU&SUPD_CMP=N
2025-05-14 10:55:18 -  - exec CUpdateClientPartner::GetHTTPPage
2025-05-14 10:55:19 -  - TIME GetUpdatesList(request) 0.186 sec
2025-05-14 10:55:19 -  - exec CUpdateClientPartner::ParseServerData
2025-05-14 10:55:19 -  - exec CUpdateClientPartner::__CollectRequestData
2025-05-14 10:55:19 -  - exec CUpdateClientPartner::GetHTTPPage
2025-05-14 10:55:19 -  - exec CUpdateClientPartner::ParseServerData
2025-05-15 18:16:46 -  - exec CUpdateClientPartner::__CollectRequestData
2025-05-15 18:16:46 -  - exec CUpdateClientPartner::GetHTTPPage
2025-05-15 18:16:46 -  - exec CUpdateClientPartner::ParseServerData
2025-05-15 18:16:46 -  - exec CUpdateClientPartner::GetUpdatesList
2025-05-15 18:16:46 -  - exec CUpdateClientPartner::__CollectRequestData
2025-05-15 18:16:46 -  - utf=Y&lang=ru&stable=Y&CANGZIP=Y&SUPD_DBS=MYSQL&XE=N&CLIENT_SITE=uc.tatem.ru&LICENSE_KEY=X&SUPD_STS=1&SUPD_URS=0&TYPENC=E&CLIENT_PHPVER=8.1.27&NGINX=Y&dbv=8.0.36&instm=main%2C24.200.200%2CN%3Bb24connector%2C24.0.0%2CN%3Bbitrix.sitecorporate%2C24.0.0%2CN%3Bbitrixcloud%2C24.100.0%2CN%3Bclouds%2C24.400.0%2CN%3Bfileman%2C24.300.0%2CN%3Bhighloadblock%2C24.0.201%2CN%3Biblock%2C24.100.200%2CN%3Blanding%2C24.600.0%2CN%3Blocation%2C24.200.0%2CN%3Bmessageservice%2C24.700.0%2CN%3Bperfmon%2C24.100.0%2CN%3Brest%2C24.550.100%2CN%3Bsearch%2C24.0.0%2CN%3Bsecurity%2C24.0.100%2CN%3Bseo%2C24.400.0%2CN%3Bsocialservices%2C24.0.200%2CN%3Btranslate%2C24.100.0%2CN%3Bui%2C24.800.0%2CN%3Bsimai.educenter%2C1.3.3%2CN%3Bsimai.complexprop%2C1.5.0%2CN&reqm=bitrix.sitecorporate%2Csimai.educenter%2Csimai.complexprop&fullmoduleinfo=Y&SUPD_SRS=RU&SUPD_CMP=N
2025-05-15 18:16:46 -  - exec CUpdateClientPartner::GetHTTPPage
2025-05-15 18:16:46 -  - TIME GetUpdatesList(request) 0.124 sec
2025-05-15 18:16:46 -  - exec CUpdateClientPartner::ParseServerData
2025-05-15 18:16:46 -  - exec CUpdateClientPartner::__CollectRequestData
2025-05-15 18:16:46 -  - exec CUpdateClientPartner::GetHTTPPage
2025-05-15 18:16:46 -  - exec CUpdateClientPartner::ParseServerData
2025-05-19 08:42:37 -  - exec CUpdateClientPartner::__CollectRequestData
2025-05-19 08:42:37 -  - exec CUpdateClientPartner::GetHTTPPage
2025-05-19 08:42:37 -  - exec CUpdateClientPartner::ParseServerData
2025-05-19 08:42:37 -  - exec CUpdateClientPartner::GetUpdatesList
2025-05-19 08:42:37 -  - exec CUpdateClientPartner::__CollectRequestData
2025-05-19 08:42:37 -  - utf=Y&lang=ru&stable=Y&CANGZIP=Y&SUPD_DBS=MYSQL&XE=N&CLIENT_SITE=uc.tatem.ru&LICENSE_KEY=X&SUPD_STS=1&SUPD_URS=0&TYPENC=E&CLIENT_PHPVER=8.1.27&NGINX=Y&dbv=8.0.36&instm=main%2C24.200.200%2CN%3Bb24connector%2C24.0.0%2CN%3Bbitrix.sitecorporate%2C24.0.0%2CN%3Bbitrixcloud%2C24.100.0%2CN%3Bclouds%2C24.400.0%2CN%3Bfileman%2C24.300.0%2CN%3Bhighloadblock%2C24.0.201%2CN%3Biblock%2C24.100.200%2CN%3Blanding%2C24.600.0%2CN%3Blocation%2C24.200.0%2CN%3Bmessageservice%2C24.700.0%2CN%3Bperfmon%2C24.100.0%2CN%3Brest%2C24.550.100%2CN%3Bsearch%2C24.0.0%2CN%3Bsecurity%2C24.0.100%2CN%3Bseo%2C24.400.0%2CN%3Bsocialservices%2C24.0.200%2CN%3Btranslate%2C24.100.0%2CN%3Bui%2C24.800.0%2CN%3Bsimai.educenter%2C1.3.3%2CN%3Bsimai.complexprop%2C1.5.0%2CN&reqm=bitrix.sitecorporate%2Csimai.educenter%2Csimai.complexprop&fullmoduleinfo=Y&SUPD_SRS=RU&SUPD_CMP=N
2025-05-19 08:42:37 -  - exec CUpdateClientPartner::GetHTTPPage
2025-05-19 08:42:37 -  - TIME GetUpdatesList(request) 0.21 sec
2025-05-19 08:42:37 -  - exec CUpdateClientPartner::ParseServerData
2025-05-19 08:42:37 -  - exec CUpdateClientPartner::__CollectRequestData
2025-05-19 08:42:37 -  - exec CUpdateClientPartner::GetHTTPPage
2025-05-19 08:42:37 -  - exec CUpdateClientPartner::ParseServerData
2025-07-26 07:46:19 -  - exec CUpdateClientPartner::__CollectRequestData
2025-07-26 07:46:19 -  - exec CUpdateClientPartner::GetHTTPPage
2025-07-26 07:46:19 -  - exec CUpdateClientPartner::ParseServerData
2025-07-26 07:46:19 -  - exec CUpdateClientPartner::GetUpdatesList
2025-07-26 07:46:19 -  - exec CUpdateClientPartner::__CollectRequestData
2025-07-26 07:46:19 -  - utf=Y&lang=ru&stable=Y&CANGZIP=Y&SUPD_DBS=MYSQL&XE=N&CLIENT_SITE=uc.tatem.ru&LICENSE_KEY=X&SUPD_STS=1&SUPD_URS=0&TYPENC=E&CLIENT_PHPVER=8.1.27&NGINX=Y&dbv=8.0.36&instm=main%2C24.200.200%2CN%3Bb24connector%2C24.0.0%2CN%3Bbitrix.sitecorporate%2C24.0.0%2CN%3Bbitrixcloud%2C24.100.0%2CN%3Bclouds%2C24.400.0%2CN%3Bfileman%2C24.300.0%2CN%3Bhighloadblock%2C24.0.201%2CN%3Biblock%2C24.100.200%2CN%3Blanding%2C24.600.0%2CN%3Blocation%2C24.200.0%2CN%3Bmessageservice%2C24.700.0%2CN%3Bperfmon%2C24.100.0%2CN%3Brest%2C24.550.100%2CN%3Bsearch%2C24.0.0%2CN%3Bsecurity%2C24.0.100%2CN%3Bseo%2C24.400.0%2CN%3Bsocialservices%2C24.0.200%2CN%3Btranslate%2C24.100.0%2CN%3Bui%2C24.800.0%2CN%3Bsimai.educenter%2C1.3.3%2CN%3Bsimai.complexprop%2C1.5.0%2CN&reqm=bitrix.sitecorporate%2Csimai.educenter%2Csimai.complexprop&fullmoduleinfo=Y&SUPD_SRS=RU&SUPD_CMP=N
2025-07-26 07:46:19 -  - exec CUpdateClientPartner::GetHTTPPage
2025-07-26 07:46:19 -  - TIME GetUpdatesList(request) 0.116 sec
2025-07-26 07:46:19 -  - exec CUpdateClientPartner::ParseServerData
2025-07-26 07:46:19 -  - exec CUpdateClientPartner::__CollectRequestData
2025-07-26 07:46:19 -  - exec CUpdateClientPartner::GetHTTPPage
2025-07-26 07:46:19 -  - exec CUpdateClientPartner::ParseServerData
